Log file open, 11/27/19 13:44:06
LogWindows: Failed to load 'aqProf.dll' (GetLastError=126)
LogWindows: File 'aqProf.dll' does not exist
LogWindows: Failed to load 'VtuneApi.dll' (GetLastError=126)
LogWindows: File 'VtuneApi.dll' does not exist
LogWindows: Failed to load 'VtuneApi32e.dll' (GetLastError=126)
LogWindows: File 'VtuneApi32e.dll' does not exist
LogConsoleResponse: Display: Failed to find resolution value strings in scalability ini. Falling back to default.
LogInit: Display: Running engine for game: Keuzedeel
LogPlatformFile: Not using cached read wrapper
LogTaskGraph: Started task graph with 5 named threads and 23 total threads with 3 sets of task threads.
LogStats: Stats thread started at 0.095676
LogD3D11RHI: Loaded GFSDK_Aftermath_Lib.x64.dll
LogICUInternationalization: ICU TimeZone Detection - Raw Offset: +1:00, Platform Override: ''
LogPluginManager: Mounting plugin Paper2D
LogPluginManager: Mounting plugin AISupport
LogPluginManager: Mounting plugin LightPropagationVolume
LogPluginManager: Mounting plugin ActorLayerUtilities
LogPluginManager: Mounting plugin AnimationSharing
LogPluginManager: Mounting plugin CLionSourceCodeAccess
LogPluginManager: Mounting plugin CodeLiteSourceCodeAccess
LogPluginManager: Mounting plugin GitSourceControl
LogPluginManager: Mounting plugin KDevelopSourceCodeAccess
LogPluginManager: Mounting plugin NullSourceCodeAccess
LogPluginManager: Mounting plugin PerforceSourceControl
LogPluginManager: Mounting plugin SubversionSourceControl
LogPluginManager: Mounting plugin UObjectPlugin
LogPluginManager: Mounting plugin VisualStudioCodeSourceCodeAccess
LogPluginManager: Mounting plugin VisualStudioSourceCodeAccess
LogPluginManager: Mounting plugin XCodeSourceCodeAccess
LogPluginManager: Mounting plugin AssetManagerEditor
LogPluginManager: Mounting plugin CryptoKeys
LogPluginManager: Mounting plugin CurveEditorTools
LogPluginManager: Mounting plugin DataValidation
LogPluginManager: Mounting plugin FacialAnimation
LogPluginManager: Mounting plugin GameplayTagsEditor
LogPluginManager: Mounting plugin MacGraphicsSwitching
LogPluginManager: Mounting plugin MaterialAnalyzer
LogPluginManager: Mounting plugin MobileLauncherProfileWizard
LogPluginManager: Mounting plugin PluginBrowser
LogPluginManager: Mounting plugin SpeedTreeImporter
LogPluginManager: Mounting plugin DatasmithContent
LogPluginManager: Mounting plugin VariantManagerContent
LogPluginManager: Mounting plugin AlembicImporter
LogPluginManager: Mounting plugin AutomationUtils
LogPluginManager: Mounting plugin BackChannel
LogPluginManager: Mounting plugin CharacterAI
LogPluginManager: Mounting plugin GeometryCache
LogPluginManager: Mounting plugin HTML5Networking
LogPluginManager: Mounting plugin PlatformCrypto
LogPluginManager: Mounting plugin ProxyLODPlugin
LogPluginManager: Mounting plugin SkeletalReduction
LogPluginManager: Mounting plugin MagicLeap
LogPluginManager: Mounting plugin MagicLeapMedia
LogPluginManager: Mounting plugin AndroidMedia
LogPluginManager: Mounting plugin AvfMedia
LogPluginManager: Mounting plugin ImgMedia
LogPluginManager: Mounting plugin MediaCompositing
LogPluginManager: Mounting plugin MediaPlayerEditor
LogPluginManager: Mounting plugin WebMMedia
LogPluginManager: Mounting plugin WmfMedia
LogPluginManager: Mounting plugin TcpMessaging
LogPluginManager: Mounting plugin UdpMessaging
LogPluginManager: Mounting plugin ActorSequence
LogPluginManager: Mounting plugin LevelSequenceEditor
LogPluginManager: Mounting plugin MatineeToLevelSequence
LogPluginManager: Mounting plugin NetcodeUnitTest
LogPluginManager: Mounting plugin NUTUnrealEngine4
LogPluginManager: Mounting plugin OnlineSubsystemGooglePlay
LogPluginManager: Mounting plugin OnlineSubsystemIOS
LogPluginManager: Mounting plugin OnlineSubsystem
LogPluginManager: Mounting plugin OnlineSubsystemNull
LogPluginManager: Mounting plugin OnlineSubsystemUtils
LogPluginManager: Mounting plugin LauncherChunkInstaller
LogPluginManager: Mounting plugin AndroidDeviceProfileSelector
LogPluginManager: Mounting plugin AndroidMoviePlayer
LogPluginManager: Mounting plugin AndroidPermission
LogPluginManager: Mounting plugin AppleImageUtils
LogPluginManager: Mounting plugin AppleMoviePlayer
LogPluginManager: Mounting plugin ArchVisCharacter
LogPluginManager: Mounting plugin AudioCapture
LogPluginManager: Mounting plugin CableComponent
LogPluginManager: Mounting plugin CustomMeshComponent
LogPluginManager: Mounting plugin EditableMesh
LogPluginManager: Mounting plugin ExampleDeviceProfileSelector
LogPluginManager: Mounting plugin GoogleCloudMessaging
LogPluginManager: Mounting plugin IOSDeviceProfileSelector
LogPluginManager: Mounting plugin LinuxDeviceProfileSelector
LogPluginManager: Mounting plugin LocationServicesBPLibrary
LogPluginManager: Mounting plugin MobilePatchingUtils
LogPluginManager: Mounting plugin OculusVR
LogPluginManager: Mounting plugin PhysXVehicles
LogPluginManager: Mounting plugin ProceduralMeshComponent
LogPluginManager: Mounting plugin RuntimePhysXCooking
LogPluginManager: Mounting plugin SignificanceManager
LogPluginManager: Mounting plugin SteamVR
LogPluginManager: Mounting plugin WebMMoviePlayer
LogPluginManager: Mounting plugin WindowsMoviePlayer
LogPluginManager: Mounting plugin ScreenshotTools
LogInit: Using libcurl 7.55.1-DEV
LogInit:  - built for x86_64-pc-win32
LogInit:  - supports SSL with OpenSSL/1.1.1
LogInit:  - supports HTTP deflate (compression) using libz 1.2.8
LogInit:  - other features:
LogInit:      CURL_VERSION_SSL
LogInit:      CURL_VERSION_LIBZ
LogInit:      CURL_VERSION_IPV6
LogInit:      CURL_VERSION_ASYNCHDNS
LogInit:      CURL_VERSION_LARGEFILE
LogInit:      CURL_VERSION_IDN
LogInit:  CurlRequestOptions (configurable via config and command line):
LogInit:  - bVerifyPeer = true  - Libcurl will verify peer certificate
LogInit:  - bUseHttpProxy = false  - Libcurl will NOT use HTTP proxy
LogInit:  - bDontReuseConnections = false  - Libcurl will reuse connections
LogInit:  - MaxHostConnections = 16  - Libcurl will limit the number of connections to a host
LogInit:  - LocalHostAddr = Default
LogInit:  - BufferSize = 65536
LogOnline: OSS: Creating online subsystem instance for: NULL
LogInit: WinSock: version 1.1 (2.2), MaxSocks=32767, MaxUdp=65467
LogInit: Build: ++UE4+Release-4.23-CL-8386587
LogInit: Engine Version: 4.23.0-8386587+++UE4+Release-4.23
LogInit: Compatible Engine Version: 4.23.0-8386587+++UE4+Release-4.23
LogInit: Net CL: 8386587
LogInit: OS: Windows 10 (Release 1903) (), CPU: Intel(R) Core(TM) i7-7700HQ CPU @ 2.80GHz, GPU: Intel(R) HD Graphics 630
LogInit: Compiled (64-bit): Aug 31 2019 02:04:44
LogInit: Compiled with Visual C++: 19.16.27030.01
LogInit: Build Configuration: Development
LogInit: Branch Name: ++UE4+Release-4.23
LogInit: Command Line: 
LogInit: Base Directory: D:/Epic Games/UE_4.23/Engine/Binaries/Win64/
LogInit: Installed Engine Build: 1
LogDevObjectVersion: Number of dev versions registered: 23
LogDevObjectVersion:   Dev-Blueprints (B0D832E4-1F89-4F0D-ACCF-7EB736FD4AA2): 10
LogDevObjectVersion:   Dev-Build (E1C64328-A22C-4D53-A36C-8E866417BD8C): 0
LogDevObjectVersion:   Dev-Core (375EC13C-06E4-48FB-B500-84F0262A717E): 3
LogDevObjectVersion:   Dev-Editor (E4B068ED-F494-42E9-A231-DA0B2E46BB41): 34
LogDevObjectVersion:   Dev-Framework (CFFC743F-43B0-4480-9391-14DF171D2073): 35
LogDevObjectVersion:   Dev-Mobile (B02B49B5-BB20-44E9-A304-32B752E40360): 2
LogDevObjectVersion:   Dev-Networking (A4E4105C-59A1-49B5-A7C5-40C4547EDFEE): 0
LogDevObjectVersion:   Dev-Online (39C831C9-5AE6-47DC-9A44-9C173E1C8E7C): 0
LogDevObjectVersion:   Dev-Physics (78F01B33-EBEA-4F98-B9B4-84EACCB95AA2): 0
LogDevObjectVersion:   Dev-Platform (6631380F-2D4D-43E0-8009-CF276956A95A): 0
LogDevObjectVersion:   Dev-Rendering (12F88B9F-8875-4AFC-A67C-D90C383ABD29): 31
LogDevObjectVersion:   Dev-Sequencer (7B5AE74C-D270-4C10-A958-57980B212A5A): 11
LogDevObjectVersion:   Dev-VR (D7296918-1DD6-4BDD-9DE2-64A83CC13884): 2
LogDevObjectVersion:   Dev-LoadTimes (C2A15278-BFE7-4AFE-6C17-90FF531DF755): 1
LogDevObjectVersion:   Private-Geometry (6EACA3D4-40EC-4CC1-B786-8BED09428FC5): 3
LogDevObjectVersion:   Dev-AnimPhys (29E575DD-E0A3-4627-9D10-D276232CDCEA): 17
LogDevObjectVersion:   Dev-Anim (AF43A65D-7FD3-4947-9873-3E8ED9C1BB05): 2
LogDevObjectVersion:   Dev-ReflectionCapture (6B266CEC-1EC7-4B8F-A30B-E4D90942FC07): 1
LogDevObjectVersion:   Dev-Automation (0DF73D61-A23F-47EA-B727-89E90C41499A): 1
LogDevObjectVersion:   FortniteMain (601D1886-AC64-4F84-AA16-D3DE0DEAC7D6): 27
LogDevObjectVersion:   Dev-Enterprise (9DFFBCD6-494F-0158-E221-12823C92A888): 6
LogDevObjectVersion:   Dev-Niagara (F2AED0AC-9AFE-416F-8664-AA7FFA26D6FC): 1
LogDevObjectVersion:   Dev-Destruction (174F1F0B-B4C6-45A5-B13F-2EE8D0FB917D): 9
LogInit: Presizing for max 16777216 objects, including 0 objects not considered by GC, pre-allocating 0 bytes for permanent pool.
LogInit: Object subsystem initialized
LogConfig: Setting CVar [[con.DebugEarlyDefault:1]]
LogConfig: Setting CVar [[r.setres:1280x720]]
[2019.11.27-12.44.07:147][  0]LogConfig: Setting CVar [[r.VSync:0]]
[2019.11.27-12.44.07:147][  0]LogConfig: Setting CVar [[r.RHICmdBypass:0]]
[2019.11.27-12.44.07:147][  0]LogConfig: Applying CVar settings from Section [/Script/Engine.RendererSettings] File [C:/Users/Gebruiker/Documents/Unreal Projects/Keuzedeel/Saved/Config/Windows/Engine.ini]
[2019.11.27-12.44.07:147][  0]LogConfig: Setting CVar [[r.GPUCrashDebugging:0]]
[2019.11.27-12.44.07:147][  0]LogConfig: Applying CVar settings from Section [/Script/Engine.RendererOverrideSettings] File [C:/Users/Gebruiker/Documents/Unreal Projects/Keuzedeel/Saved/Config/Windows/Engine.ini]
[2019.11.27-12.44.07:147][  0]LogConfig: Applying CVar settings from Section [/Script/Engine.StreamingSettings] File [C:/Users/Gebruiker/Documents/Unreal Projects/Keuzedeel/Saved/Config/Windows/Engine.ini]
[2019.11.27-12.44.07:147][  0]LogConfig: Setting CVar [[s.MinBulkDataSizeForAsyncLoading:131072]]
[2019.11.27-12.44.07:147][  0]LogConfig: Setting CVar [[s.AsyncLoadingThreadEnabled:0]]
[2019.11.27-12.44.07:147][  0]LogConfig: Setting CVar [[s.EventDrivenLoaderEnabled:1]]
[2019.11.27-12.44.07:147][  0]LogConfig: Setting CVar [[s.WarnIfTimeLimitExceeded:0]]
[2019.11.27-12.44.07:147][  0]LogConfig: Setting CVar [[s.TimeLimitExceededMultiplier:1.5]]
[2019.11.27-12.44.07:147][  0]LogConfig: Setting CVar [[s.TimeLimitExceededMinTime:0.005]]
[2019.11.27-12.44.07:147][  0]LogConfig: Setting CVar [[s.UseBackgroundLevelStreaming:1]]
[2019.11.27-12.44.07:147][  0]LogConfig: Setting CVar [[s.PriorityAsyncLoadingExtraTime:15.0]]
[2019.11.27-12.44.07:147][  0]LogConfig: Setting CVar [[s.LevelStreamingActorsUpdateTimeLimit:5.0]]
[2019.11.27-12.44.07:147][  0]LogConfig: Setting CVar [[s.PriorityLevelStreamingActorsUpdateExtraTime:5.0]]
[2019.11.27-12.44.07:147][  0]LogConfig: Setting CVar [[s.LevelStreamingComponentsRegistrationGranularity:10]]
[2019.11.27-12.44.07:147][  0]LogConfig: Setting CVar [[s.UnregisterComponentsTimeLimit:1.0]]
[2019.11.27-12.44.07:147][  0]LogConfig: Setting CVar [[s.LevelStreamingComponentsUnregistrationGranularity:5]]
[2019.11.27-12.44.07:147][  0]LogConfig: Applying CVar settings from Section [/Script/Engine.GarbageCollectionSettings] File [C:/Users/Gebruiker/Documents/Unreal Projects/Keuzedeel/Saved/Config/Windows/Engine.ini]
[2019.11.27-12.44.07:147][  0]LogConfig: Setting CVar [[gc.MaxObjectsNotConsideredByGC:1]]
[2019.11.27-12.44.07:147][  0]LogConfig: Setting CVar [[gc.SizeOfPermanentObjectPool:0]]
[2019.11.27-12.44.07:147][  0]LogConfig: Setting CVar [[gc.FlushStreamingOnGC:0]]
[2019.11.27-12.44.07:147][  0]LogConfig: Setting CVar [[gc.NumRetriesBeforeForcingGC:10]]
[2019.11.27-12.44.07:147][  0]LogConfig: Setting CVar [[gc.AllowParallelGC:1]]
[2019.11.27-12.44.07:147][  0]LogConfig: Setting CVar [[gc.TimeBetweenPurgingPendingKillObjects:61.1]]
[2019.11.27-12.44.07:147][  0]LogConfig: Setting CVar [[gc.MaxObjectsInEditor:16777216]]
[2019.11.27-12.44.07:147][  0]LogConfig: Setting CVar [[gc.IncrementalBeginDestroyEnabled:1]]
[2019.11.27-12.44.07:147][  0]LogConfig: Setting CVar [[gc.CreateGCClusters:1]]
[2019.11.27-12.44.07:147][  0]LogConfig: Setting CVar [[gc.MinGCClusterSize:5]]
[2019.11.27-12.44.07:147][  0]LogConfig: Setting CVar [[gc.ActorClusteringEnabled:0]]
[2019.11.27-12.44.07:147][  0]LogConfig: Setting CVar [[gc.BlueprintClusteringEnabled:0]]
[2019.11.27-12.44.07:148][  0]LogConfig: Setting CVar [[gc.UseDisregardForGCOnDedicatedServers:0]]
[2019.11.27-12.44.07:148][  0]LogConfig: Applying CVar settings from Section [/Script/Engine.NetworkSettings] File [C:/Users/Gebruiker/Documents/Unreal Projects/Keuzedeel/Saved/Config/Windows/Engine.ini]
[2019.11.27-12.44.07:148][  0]LogConfig: Applying CVar settings from Section [/Script/UnrealEd.CookerSettings] File [C:/Users/Gebruiker/Documents/Unreal Projects/Keuzedeel/Saved/Config/Windows/Engine.ini]
[2019.11.27-12.44.07:152][  0]LogConfig: Applying CVar settings from Section [ViewDistanceQuality@3] File [C:/Users/Gebruiker/Documents/Unreal Projects/Keuzedeel/Saved/Config/Windows/Scalability.ini]
[2019.11.27-12.44.07:152][  0]LogConfig: Setting CVar [[r.SkeletalMeshLODBias:0]]
[2019.11.27-12.44.07:152][  0]LogConfig: Setting CVar [[r.ViewDistanceScale:1.0]]
[2019.11.27-12.44.07:152][  0]LogConfig: Applying CVar settings from Section [AntiAliasingQuality@3] File [C:/Users/Gebruiker/Documents/Unreal Projects/Keuzedeel/Saved/Config/Windows/Scalability.ini]
[2019.11.27-12.44.07:152][  0]LogConfig: Setting CVar [[r.PostProcessAAQuality:4]]
[2019.11.27-12.44.07:152][  0]LogConfig: Applying CVar settings from Section [ShadowQuality@3] File [C:/Users/Gebruiker/Documents/Unreal Projects/Keuzedeel/Saved/Config/Windows/Scalability.ini]
[2019.11.27-12.44.07:153][  0]LogConfig: Setting CVar [[r.LightFunctionQuality:1]]
[2019.11.27-12.44.07:153][  0]LogConfig: Setting CVar [[r.ShadowQuality:5]]
[2019.11.27-12.44.07:153][  0]LogConfig: Setting CVar [[r.Shadow.CSM.MaxCascades:10]]
[2019.11.27-12.44.07:153][  0]LogConfig: Setting CVar [[r.Shadow.MaxResolution:2048]]
[2019.11.27-12.44.07:153][  0]LogConfig: Setting CVar [[r.Shadow.MaxCSMResolution:2048]]
[2019.11.27-12.44.07:153][  0]LogConfig: Setting CVar [[r.Shadow.RadiusThreshold:0.01]]
[2019.11.27-12.44.07:153][  0]LogConfig: Setting CVar [[r.Shadow.DistanceScale:1.0]]
[2019.11.27-12.44.07:153][  0]LogConfig: Setting CVar [[r.Shadow.CSM.TransitionScale:1.0]]
[2019.11.27-12.44.07:153][  0]LogConfig: Setting CVar [[r.Shadow.PreShadowResolutionFactor:1.0]]
[2019.11.27-12.44.07:153][  0]LogConfig: Setting CVar [[r.DistanceFieldShadowing:1]]
[2019.11.27-12.44.07:153][  0]LogConfig: Setting CVar [[r.DistanceFieldAO:1]]
[2019.11.27-12.44.07:153][  0]LogConfig: Setting CVar [[r.AOQuality:2]]
[2019.11.27-12.44.07:153][  0]LogConfig: Setting CVar [[r.VolumetricFog:1]]
[2019.11.27-12.44.07:153][  0]LogConfig: Setting CVar [[r.VolumetricFog.GridPixelSize:8]]
[2019.11.27-12.44.07:153][  0]LogConfig: Setting CVar [[r.VolumetricFog.GridSizeZ:128]]
[2019.11.27-12.44.07:153][  0]LogConfig: Setting CVar [[r.VolumetricFog.HistoryMissSupersampleCount:4]]
[2019.11.27-12.44.07:153][  0]LogConfig: Setting CVar [[r.LightMaxDrawDistanceScale:1]]
[2019.11.27-12.44.07:153][  0]LogConfig: Setting CVar [[r.CapsuleShadows:1]]
[2019.11.27-12.44.07:153][  0]LogConfig: Applying CVar settings from Section [PostProcessQuality@3] File [C:/Users/Gebruiker/Documents/Unreal Projects/Keuzedeel/Saved/Config/Windows/Scalability.ini]
[2019.11.27-12.44.07:153][  0]LogConfig: Setting CVar [[r.MotionBlurQuality:4]]
[2019.11.27-12.44.07:153][  0]LogConfig: Setting CVar [[r.AmbientOcclusionMipLevelFactor:0.4]]
[2019.11.27-12.44.07:153][  0]LogConfig: Setting CVar [[r.AmbientOcclusionMaxQuality:100]]
[2019.11.27-12.44.07:153][  0]LogConfig: Setting CVar [[r.AmbientOcclusionLevels:-1]]
[2019.11.27-12.44.07:153][  0]LogConfig: Setting CVar [[r.AmbientOcclusionRadiusScale:1.0]]
[2019.11.27-12.44.07:153][  0]LogConfig: Setting CVar [[r.DepthOfFieldQuality:2]]
[2019.11.27-12.44.07:153][  0]LogConfig: Setting CVar [[r.RenderTargetPoolMin:400]]
[2019.11.27-12.44.07:153][  0]LogConfig: Setting CVar [[r.LensFlareQuality:2]]
[2019.11.27-12.44.07:153][  0]LogConfig: Setting CVar [[r.SceneColorFringeQuality:1]]
[2019.11.27-12.44.07:153][  0]LogConfig: Setting CVar [[r.EyeAdaptationQuality:2]]
[2019.11.27-12.44.07:153][  0]LogConfig: Setting CVar [[r.BloomQuality:5]]
[2019.11.27-12.44.07:153][  0]LogConfig: Setting CVar [[r.FastBlurThreshold:100]]
[2019.11.27-12.44.07:153][  0]LogConfig: Setting CVar [[r.Upscale.Quality:3]]
[2019.11.27-12.44.07:153][  0]LogConfig: Setting CVar [[r.Tonemapper.GrainQuantization:1]]
[2019.11.27-12.44.07:153][  0]LogConfig: Setting CVar [[r.LightShaftQuality:1]]
[2019.11.27-12.44.07:153][  0]LogConfig: Setting CVar [[r.Filter.SizeScale:1]]
[2019.11.27-12.44.07:153][  0]LogConfig: Setting CVar [[r.Tonemapper.Quality:5]]
[2019.11.27-12.44.07:153][  0]LogConfig: Setting CVar [[r.DOF.Gather.AccumulatorQuality:1        ; higher gathering accumulator quality]]
[2019.11.27-12.44.07:153][  0]LogConfig: Setting CVar [[r.DOF.Gather.PostfilterMethod:1          ; Median3x3 postfilering method]]
[2019.11.27-12.44.07:153][  0]LogConfig: Setting CVar [[r.DOF.Gather.EnableBokehSettings:0       ; no bokeh simulation when gathering]]
[2019.11.27-12.44.07:154][  0]LogConfig: Setting CVar [[r.DOF.Gather.RingCount:4                 ; medium number of samples when gathering]]
[2019.11.27-12.44.07:154][  0]LogConfig: Setting CVar [[r.DOF.Scatter.ForegroundCompositing:1    ; additive foreground scattering]]
[2019.11.27-12.44.07:154][  0]LogConfig: Setting CVar [[r.DOF.Scatter.BackgroundCompositing:2    ; additive background scattering]]
[2019.11.27-12.44.07:154][  0]LogConfig: Setting CVar [[r.DOF.Scatter.EnableBokehSettings:1      ; bokeh simulation when scattering]]
[2019.11.27-12.44.07:154][  0]LogConfig: Setting CVar [[r.DOF.Scatter.MaxSpriteRatio:0.1         ; only a maximum of 10% of scattered bokeh]]
[2019.11.27-12.44.07:154][  0]LogConfig: Setting CVar [[r.DOF.Recombine.Quality:1                ; cheap slight out of focus]]
[2019.11.27-12.44.07:154][  0]LogConfig: Setting CVar [[r.DOF.Recombine.EnableBokehSettings:0    ; no bokeh simulation on slight out of focus]]
[2019.11.27-12.44.07:154][  0]LogConfig: Setting CVar [[r.DOF.TemporalAAQuality:1                ; more stable temporal accumulation]]
[2019.11.27-12.44.07:154][  0]LogConfig: Setting CVar [[r.DOF.Kernel.MaxForegroundRadius:0.025]]
[2019.11.27-12.44.07:154][  0]LogConfig: Setting CVar [[r.DOF.Kernel.MaxBackgroundRadius:0.025]]
[2019.11.27-12.44.07:154][  0]LogConfig: Applying CVar settings from Section [TextureQuality@3] File [C:/Users/Gebruiker/Documents/Unreal Projects/Keuzedeel/Saved/Config/Windows/Scalability.ini]
[2019.11.27-12.44.07:154][  0]LogConfig: Setting CVar [[r.Streaming.MipBias:0]]
[2019.11.27-12.44.07:154][  0]LogConfig: Setting CVar [[r.Streaming.AmortizeCPUToGPUCopy:0]]
[2019.11.27-12.44.07:154][  0]LogConfig: Setting CVar [[r.Streaming.MaxNumTexturesToStreamPerFrame:0]]
[2019.11.27-12.44.07:154][  0]LogConfig: Setting CVar [[r.Streaming.Boost:1]]
[2019.11.27-12.44.07:154][  0]LogConfig: Setting CVar [[r.MaxAnisotropy:8]]
[2019.11.27-12.44.07:154][  0]LogConfig: Setting CVar [[r.Streaming.LimitPoolSizeToVRAM:0]]
[2019.11.27-12.44.07:154][  0]LogConfig: Setting CVar [[r.Streaming.PoolSize:1000]]
[2019.11.27-12.44.07:154][  0]LogConfig: Setting CVar [[r.Streaming.MaxEffectiveScreenSize:0]]
[2019.11.27-12.44.07:154][  0]LogConfig: Applying CVar settings from Section [EffectsQuality@3] File [C:/Users/Gebruiker/Documents/Unreal Projects/Keuzedeel/Saved/Config/Windows/Scalability.ini]
[2019.11.27-12.44.07:154][  0]LogConfig: Setting CVar [[r.TranslucencyLightingVolumeDim:64]]
[2019.11.27-12.44.07:154][  0]LogConfig: Setting CVar [[r.RefractionQuality:2]]
[2019.11.27-12.44.07:154][  0]LogConfig: Setting CVar [[r.SSR.Quality:3]]
[2019.11.27-12.44.07:154][  0]LogConfig: Setting CVar [[r.SceneColorFormat:4]]
[2019.11.27-12.44.07:154][  0]LogConfig: Setting CVar [[r.DetailMode:2]]
[2019.11.27-12.44.07:154][  0]LogConfig: Setting CVar [[r.TranslucencyVolumeBlur:1]]
[2019.11.27-12.44.07:154][  0]LogConfig: Setting CVar [[r.MaterialQualityLevel:1 ; High quality]]
[2019.11.27-12.44.07:154][  0]LogConfig: Setting CVar [[r.SSS.Scale:1]]
[2019.11.27-12.44.07:154][  0]LogConfig: Setting CVar [[r.SSS.SampleSet:2]]
[2019.11.27-12.44.07:154][  0]LogConfig: Setting CVar [[r.SSS.Quality:1]]
[2019.11.27-12.44.07:154][  0]LogConfig: Setting CVar [[r.SSS.HalfRes:1]]
[2019.11.27-12.44.07:154][  0]LogConfig: Setting CVar [[r.EmitterSpawnRateScale:1.0]]
[2019.11.27-12.44.07:154][  0]LogConfig: Setting CVar [[r.ParticleLightQuality:2]]
[2019.11.27-12.44.07:155][  0]LogConfig: Applying CVar settings from Section [FoliageQuality@3] File [C:/Users/Gebruiker/Documents/Unreal Projects/Keuzedeel/Saved/Config/Windows/Scalability.ini]
[2019.11.27-12.44.07:155][  0]LogConfig: Setting CVar [[foliage.DensityScale:1.0]]
[2019.11.27-12.44.07:155][  0]LogConfig: Setting CVar [[grass.DensityScale:1.0]]
[2019.11.27-12.44.07:155][  0]LogInit: Selected Device Profile: [Windows]
[2019.11.27-12.44.07:155][  0]LogInit: Applying CVar settings loaded from the selected device profile: [Windows]
[2019.11.27-12.44.07:159][  0]LogHAL: Display: Platform has ~ 16 GB [17059426304 / 17179869184 / 16], which maps to Larger [LargestMinGB=32, LargerMinGB=12, DefaultMinGB=8, SmallerMinGB=6, SmallestMinGB=0)
[2019.11.27-12.44.07:159][  0]LogInit: Going up to parent DeviceProfile []
[2019.11.27-12.44.07:159][  0]LogConfig: Applying CVar settings from Section [ViewDistanceQuality@3] File [C:/Users/Gebruiker/Documents/Unreal Projects/Keuzedeel/Saved/Config/Windows/Scalability.ini]
[2019.11.27-12.44.07:159][  0]LogConfig: Setting CVar [[r.SkeletalMeshLODBias:0]]
[2019.11.27-12.44.07:160][  0]LogConfig: Setting CVar [[r.ViewDistanceScale:1.0]]
[2019.11.27-12.44.07:160][  0]LogConfig: Applying CVar settings from Section [AntiAliasingQuality@3] File [C:/Users/Gebruiker/Documents/Unreal Projects/Keuzedeel/Saved/Config/Windows/Scalability.ini]
[2019.11.27-12.44.07:160][  0]LogConfig: Setting CVar [[r.PostProcessAAQuality:4]]
[2019.11.27-12.44.07:160][  0]LogConfig: Applying CVar settings from Section [ShadowQuality@3] File [C:/Users/Gebruiker/Documents/Unreal Projects/Keuzedeel/Saved/Config/Windows/Scalability.ini]
[2019.11.27-12.44.07:160][  0]LogConfig: Setting CVar [[r.LightFunctionQuality:1]]
[2019.11.27-12.44.07:160][  0]LogConfig: Setting CVar [[r.ShadowQuality:5]]
[2019.11.27-12.44.07:160][  0]LogConfig: Setting CVar [[r.Shadow.CSM.MaxCascades:10]]
[2019.11.27-12.44.07:160][  0]LogConfig: Setting CVar [[r.Shadow.MaxResolution:2048]]
[2019.11.27-12.44.07:160][  0]LogConfig: Setting CVar [[r.Shadow.MaxCSMResolution:2048]]
[2019.11.27-12.44.07:160][  0]LogConfig: Setting CVar [[r.Shadow.RadiusThreshold:0.01]]
[2019.11.27-12.44.07:160][  0]LogConfig: Setting CVar [[r.Shadow.DistanceScale:1.0]]
[2019.11.27-12.44.07:160][  0]LogConfig: Setting CVar [[r.Shadow.CSM.TransitionScale:1.0]]
[2019.11.27-12.44.07:160][  0]LogConfig: Setting CVar [[r.Shadow.PreShadowResolutionFactor:1.0]]
[2019.11.27-12.44.07:160][  0]LogConfig: Setting CVar [[r.DistanceFieldShadowing:1]]
[2019.11.27-12.44.07:160][  0]LogConfig: Setting CVar [[r.DistanceFieldAO:1]]
[2019.11.27-12.44.07:160][  0]LogConfig: Setting CVar [[r.AOQuality:2]]
[2019.11.27-12.44.07:160][  0]LogConfig: Setting CVar [[r.VolumetricFog:1]]
[2019.11.27-12.44.07:160][  0]LogConfig: Setting CVar [[r.VolumetricFog.GridPixelSize:8]]
[2019.11.27-12.44.07:160][  0]LogConfig: Setting CVar [[r.VolumetricFog.GridSizeZ:128]]
[2019.11.27-12.44.07:160][  0]LogConfig: Setting CVar [[r.VolumetricFog.HistoryMissSupersampleCount:4]]
[2019.11.27-12.44.07:160][  0]LogConfig: Setting CVar [[r.LightMaxDrawDistanceScale:1]]
[2019.11.27-12.44.07:160][  0]LogConfig: Setting CVar [[r.CapsuleShadows:1]]
[2019.11.27-12.44.07:160][  0]LogConfig: Applying CVar settings from Section [PostProcessQuality@3] File [C:/Users/Gebruiker/Documents/Unreal Projects/Keuzedeel/Saved/Config/Windows/Scalability.ini]
[2019.11.27-12.44.07:160][  0]LogConfig: Setting CVar [[r.MotionBlurQuality:4]]
[2019.11.27-12.44.07:160][  0]LogConfig: Setting CVar [[r.AmbientOcclusionMipLevelFactor:0.4]]
[2019.11.27-12.44.07:160][  0]LogConfig: Setting CVar [[r.AmbientOcclusionMaxQuality:100]]
[2019.11.27-12.44.07:160][  0]LogConfig: Setting CVar [[r.AmbientOcclusionLevels:-1]]
[2019.11.27-12.44.07:160][  0]LogConfig: Setting CVar [[r.AmbientOcclusionRadiusScale:1.0]]
[2019.11.27-12.44.07:160][  0]LogConfig: Setting CVar [[r.DepthOfFieldQuality:2]]
[2019.11.27-12.44.07:160][  0]LogConfig: Setting CVar [[r.RenderTargetPoolMin:400]]
[2019.11.27-12.44.07:160][  0]LogConfig: Setting CVar [[r.LensFlareQuality:2]]
[2019.11.27-12.44.07:160][  0]LogConfig: Setting CVar [[r.SceneColorFringeQuality:1]]
[2019.11.27-12.44.07:160][  0]LogConfig: Setting CVar [[r.EyeAdaptationQuality:2]]
[2019.11.27-12.44.07:160][  0]LogConfig: Setting CVar [[r.BloomQuality:5]]
[2019.11.27-12.44.07:160][  0]LogConfig: Setting CVar [[r.FastBlurThreshold:100]]
[2019.11.27-12.44.07:160][  0]LogConfig: Setting CVar [[r.Upscale.Quality:3]]
[2019.11.27-12.44.07:161][  0]LogConfig: Setting CVar [[r.Tonemapper.GrainQuantization:1]]
[2019.11.27-12.44.07:161][  0]LogConfig: Setting CVar [[r.LightShaftQuality:1]]
[2019.11.27-12.44.07:161][  0]LogConfig: Setting CVar [[r.Filter.SizeScale:1]]
[2019.11.27-12.44.07:161][  0]LogConfig: Setting CVar [[r.Tonemapper.Quality:5]]
[2019.11.27-12.44.07:161][  0]LogConfig: Setting CVar [[r.DOF.Gather.AccumulatorQuality:1        ; higher gathering accumulator quality]]
[2019.11.27-12.44.07:161][  0]LogConfig: Setting CVar [[r.DOF.Gather.PostfilterMethod:1          ; Median3x3 postfilering method]]
[2019.11.27-12.44.07:161][  0]LogConfig: Setting CVar [[r.DOF.Gather.EnableBokehSettings:0       ; no bokeh simulation when gathering]]
[2019.11.27-12.44.07:161][  0]LogConfig: Setting CVar [[r.DOF.Gather.RingCount:4                 ; medium number of samples when gathering]]
[2019.11.27-12.44.07:161][  0]LogConfig: Setting CVar [[r.DOF.Scatter.ForegroundCompositing:1    ; additive foreground scattering]]
[2019.11.27-12.44.07:161][  0]LogConfig: Setting CVar [[r.DOF.Scatter.BackgroundCompositing:2    ; additive background scattering]]
[2019.11.27-12.44.07:161][  0]LogConfig: Setting CVar [[r.DOF.Scatter.EnableBokehSettings:1      ; bokeh simulation when scattering]]
[2019.11.27-12.44.07:161][  0]LogConfig: Setting CVar [[r.DOF.Scatter.MaxSpriteRatio:0.1         ; only a maximum of 10% of scattered bokeh]]
[2019.11.27-12.44.07:161][  0]LogConfig: Setting CVar [[r.DOF.Recombine.Quality:1                ; cheap slight out of focus]]
[2019.11.27-12.44.07:161][  0]LogConfig: Setting CVar [[r.DOF.Recombine.EnableBokehSettings:0    ; no bokeh simulation on slight out of focus]]
[2019.11.27-12.44.07:161][  0]LogConfig: Setting CVar [[r.DOF.TemporalAAQuality:1                ; more stable temporal accumulation]]
[2019.11.27-12.44.07:161][  0]LogConfig: Setting CVar [[r.DOF.Kernel.MaxForegroundRadius:0.025]]
[2019.11.27-12.44.07:161][  0]LogConfig: Setting CVar [[r.DOF.Kernel.MaxBackgroundRadius:0.025]]
[2019.11.27-12.44.07:161][  0]LogConfig: Applying CVar settings from Section [TextureQuality@3] File [C:/Users/Gebruiker/Documents/Unreal Projects/Keuzedeel/Saved/Config/Windows/Scalability.ini]
[2019.11.27-12.44.07:161][  0]LogConfig: Setting CVar [[r.Streaming.MipBias:0]]
[2019.11.27-12.44.07:161][  0]LogConfig: Setting CVar [[r.Streaming.AmortizeCPUToGPUCopy:0]]
[2019.11.27-12.44.07:161][  0]LogConfig: Setting CVar [[r.Streaming.MaxNumTexturesToStreamPerFrame:0]]
[2019.11.27-12.44.07:161][  0]LogConfig: Setting CVar [[r.Streaming.Boost:1]]
[2019.11.27-12.44.07:161][  0]LogConfig: Setting CVar [[r.MaxAnisotropy:8]]
[2019.11.27-12.44.07:161][  0]LogConfig: Setting CVar [[r.Streaming.LimitPoolSizeToVRAM:0]]
[2019.11.27-12.44.07:161][  0]LogConfig: Setting CVar [[r.Streaming.PoolSize:1000]]
[2019.11.27-12.44.07:161][  0]LogConfig: Setting CVar [[r.Streaming.MaxEffectiveScreenSize:0]]
[2019.11.27-12.44.07:161][  0]LogConfig: Applying CVar settings from Section [EffectsQuality@3] File [C:/Users/Gebruiker/Documents/Unreal Projects/Keuzedeel/Saved/Config/Windows/Scalability.ini]
[2019.11.27-12.44.07:161][  0]LogConfig: Setting CVar [[r.TranslucencyLightingVolumeDim:64]]
[2019.11.27-12.44.07:161][  0]LogConfig: Setting CVar [[r.RefractionQuality:2]]
[2019.11.27-12.44.07:161][  0]LogConfig: Setting CVar [[r.SSR.Quality:3]]
[2019.11.27-12.44.07:161][  0]LogConfig: Setting CVar [[r.SceneColorFormat:4]]
[2019.11.27-12.44.07:161][  0]LogConfig: Setting CVar [[r.DetailMode:2]]
[2019.11.27-12.44.07:162][  0]LogConfig: Setting CVar [[r.TranslucencyVolumeBlur:1]]
[2019.11.27-12.44.07:162][  0]LogConfig: Setting CVar [[r.MaterialQualityLevel:1 ; High quality]]
[2019.11.27-12.44.07:162][  0]LogConfig: Setting CVar [[r.SSS.Scale:1]]
[2019.11.27-12.44.07:162][  0]LogConfig: Setting CVar [[r.SSS.SampleSet:2]]
[2019.11.27-12.44.07:162][  0]LogConfig: Setting CVar [[r.SSS.Quality:1]]
[2019.11.27-12.44.07:162][  0]LogConfig: Setting CVar [[r.SSS.HalfRes:1]]
[2019.11.27-12.44.07:162][  0]LogConfig: Setting CVar [[r.EmitterSpawnRateScale:1.0]]
[2019.11.27-12.44.07:162][  0]LogConfig: Setting CVar [[r.ParticleLightQuality:2]]
[2019.11.27-12.44.07:162][  0]LogConfig: Applying CVar settings from Section [FoliageQuality@3] File [C:/Users/Gebruiker/Documents/Unreal Projects/Keuzedeel/Saved/Config/Windows/Scalability.ini]
[2019.11.27-12.44.07:162][  0]LogConfig: Setting CVar [[foliage.DensityScale:1.0]]
[2019.11.27-12.44.07:162][  0]LogConfig: Setting CVar [[grass.DensityScale:1.0]]
[2019.11.27-12.44.07:162][  0]LogConfig: Applying CVar settings from Section [Startup] File [../../../Engine/Config/ConsoleVariables.ini]
[2019.11.27-12.44.07:163][  0]LogConfig: Setting CVar [[net.UseAdaptiveNetUpdateFrequency:0]]
[2019.11.27-12.44.07:163][  0]LogConfig: Setting CVar [[p.chaos.AllowCreatePhysxBodies:1]]
[2019.11.27-12.44.07:163][  0]LogConfig: Applying CVar settings from Section [ConsoleVariables] File [C:/Users/Gebruiker/Documents/Unreal Projects/Keuzedeel/Saved/Config/Windows/Engine.ini]
[2019.11.27-12.44.07:163][  0]LogInit: Computer: LAPTOP-MARC
[2019.11.27-12.44.07:163][  0]LogInit: User: Gebruiker
[2019.11.27-12.44.07:163][  0]LogInit: CPU Page size=4096, Cores=4
[2019.11.27-12.44.07:163][  0]LogInit: High frequency timer resolution =10.000000 MHz
[2019.11.27-12.44.07:164][  0]LogMemory: Memory total: Physical=15.9GB (16GB approx)
[2019.11.27-12.44.07:164][  0]LogMemory: Platform Memory Stats for Windows
[2019.11.27-12.44.07:164][  0]LogMemory: Process Physical Memory: 101.10 MB used, 101.10 MB peak
[2019.11.27-12.44.07:164][  0]LogMemory: Process Virtual Memory: 100.61 MB used, 100.61 MB peak
[2019.11.27-12.44.07:164][  0]LogMemory: Physical Memory: 6873.14 MB used,  9396.00 MB free, 16269.14 MB total
[2019.11.27-12.44.07:164][  0]LogMemory: Virtual Memory: 4668.30 MB used,  134213056.00 MB free, 134217728.00 MB total
[2019.11.27-12.44.07:168][  0]LogWindows: WindowsPlatformFeatures enabled
[2019.11.27-12.44.07:202][  0]LogInit: Using OS detected language (nl-NL).
[2019.11.27-12.44.07:202][  0]LogInit: Using OS detected locale (nl-NL).
[2019.11.27-12.44.07:203][  0]LogTextLocalizationManager: No localization for 'nl-NL' exists, so 'en' will be used for the language.
[2019.11.27-12.44.07:452][  0]LogInit: Setting process to per monitor DPI aware
[2019.11.27-12.44.07:486][  0]LogSlate: New Slate User Created.  User Index 0, Is Virtual User: 0
[2019.11.27-12.44.07:486][  0]LogSlate: Slate User Registered.  User Index 0, Is Virtual User: 0
[2019.11.27-12.44.07:754][  0]LogHMD: Failed to initialize OpenVR with code 110
[2019.11.27-12.44.07:754][  0]LogD3D11RHI: D3D11 adapters:
[2019.11.27-12.44.07:851][  0]LogD3D11RHI:    0. 'NVIDIA GeForce GTX 1050' (Feature Level 11_0)
[2019.11.27-12.44.07:851][  0]LogD3D11RHI:       1977/0/8134 MB DedicatedVideo/DedicatedSystem/SharedSystem, Outputs:1, VendorId:0x10de
[2019.11.27-12.44.07:867][  0]LogD3D11RHI:    1. 'Intel(R) HD Graphics 630' (Feature Level 11_0)
[2019.11.27-12.44.07:867][  0]LogD3D11RHI:       128/0/8134 MB DedicatedVideo/DedicatedSystem/SharedSystem, Outputs:0, VendorId:0x8086
[2019.11.27-12.44.07:869][  0]LogD3D11RHI:    2. 'Microsoft Basic Render Driver' (Feature Level 11_0)
[2019.11.27-12.44.07:869][  0]LogD3D11RHI:       0/0/8134 MB DedicatedVideo/DedicatedSystem/SharedSystem, Outputs:0, VendorId:0x1414
[2019.11.27-12.44.07:869][  0]LogD3D11RHI: Chosen D3D11 Adapter: 0
[2019.11.27-12.44.07:904][  0]LogD3D11RHI: Creating new Direct3DDevice
[2019.11.27-12.44.07:905][  0]LogD3D11RHI:     GPU DeviceId: 0x1c8d (for the marketing name, search the web for "GPU Device Id")
[2019.11.27-12.44.07:905][  0]LogWindows: EnumDisplayDevices:
[2019.11.27-12.44.07:905][  0]LogWindows:    0. 'Intel(R) HD Graphics 630' (P:1 D:1)
[2019.11.27-12.44.07:905][  0]LogWindows:    1. 'Intel(R) HD Graphics 630' (P:0 D:0)
[2019.11.27-12.44.07:905][  0]LogWindows:    2. 'Intel(R) HD Graphics 630' (P:0 D:0)
[2019.11.27-12.44.07:906][  0]LogWindows:    3. 'NVIDIA GeForce GTX 1050' (P:0 D:0)
[2019.11.27-12.44.07:906][  0]LogWindows: DebugString: PrimaryIsNotTheChoosenAdapter PrimaryIsNotTheChoosenAdapter PrimaryIsNotTheChoosenAdapter 
[2019.11.27-12.44.07:906][  0]LogD3D11RHI:     Adapter Name: NVIDIA GeForce GTX 1050
[2019.11.27-12.44.07:906][  0]LogD3D11RHI:   Driver Version: 441.41 (internal:26.21.14.4141, unified:441.41)
[2019.11.27-12.44.07:906][  0]LogD3D11RHI:      Driver Date: 11-20-2019
[2019.11.27-12.44.07:906][  0]LogRHI: Texture pool is 1384 MB (70% of 1977 MB)
[2019.11.27-12.44.07:969][  0]LogD3D11RHI: Async texture creation enabled
[2019.11.27-12.44.07:994][  0]LogD3D11RHI: GPU Timing Frequency: 1000.000000 (Debug: 2 1)
[2019.11.27-12.44.08:415][  0]LogTemp: Display: Module 'AllDesktopTargetPlatform' loaded TargetPlatform 'AllDesktop'
[2019.11.27-12.44.08:423][  0]LogTemp: Display: Module 'MacClientTargetPlatform' loaded TargetPlatform 'MacClient'
[2019.11.27-12.44.08:432][  0]LogTemp: Display: Module 'MacNoEditorTargetPlatform' loaded TargetPlatform 'MacNoEditor'
[2019.11.27-12.44.08:441][  0]LogTemp: Display: Module 'MacServerTargetPlatform' loaded TargetPlatform 'MacServer'
[2019.11.27-12.44.08:453][  0]LogTemp: Display: Module 'MacTargetPlatform' loaded TargetPlatform 'Mac'
[2019.11.27-12.44.08:464][  0]LogTemp: Display: Module 'WindowsClientTargetPlatform' loaded TargetPlatform 'WindowsClient'
[2019.11.27-12.44.08:472][  0]LogTemp: Display: Module 'WindowsNoEditorTargetPlatform' loaded TargetPlatform 'WindowsNoEditor'
[2019.11.27-12.44.08:481][  0]LogTemp: Display: Module 'WindowsServerTargetPlatform' loaded TargetPlatform 'WindowsServer'
[2019.11.27-12.44.08:486][  0]LogTemp: Display: Module 'WindowsTargetPlatform' loaded TargetPlatform 'Windows'
[2019.11.27-12.44.08:527][  0]LogTemp: Display: Module 'AndroidTargetPlatform' loaded TargetPlatform 'Android'
[2019.11.27-12.44.08:527][  0]LogTemp: Display: Module 'AndroidTargetPlatform' loaded TargetPlatform 'Android_ASTC'
[2019.11.27-12.44.08:527][  0]LogTemp: Display: Module 'AndroidTargetPlatform' loaded TargetPlatform 'Android_ATC'
[2019.11.27-12.44.08:527][  0]LogTemp: Display: Module 'AndroidTargetPlatform' loaded TargetPlatform 'Android_DXT'
[2019.11.27-12.44.08:527][  0]LogTemp: Display: Module 'AndroidTargetPlatform' loaded TargetPlatform 'Android_ETC1'
[2019.11.27-12.44.08:527][  0]LogTemp: Display: Module 'AndroidTargetPlatform' loaded TargetPlatform 'Android_ETC1a'
[2019.11.27-12.44.08:527][  0]LogTemp: Display: Module 'AndroidTargetPlatform' loaded TargetPlatform 'Android_ETC2'
[2019.11.27-12.44.08:527][  0]LogTemp: Display: Module 'AndroidTargetPlatform' loaded TargetPlatform 'Android_PVRTC'
[2019.11.27-12.44.08:527][  0]LogTemp: Display: Module 'AndroidTargetPlatform' loaded TargetPlatform 'AndroidClient'
[2019.11.27-12.44.08:527][  0]LogTemp: Display: Module 'AndroidTargetPlatform' loaded TargetPlatform 'Android_ASTCClient'
[2019.11.27-12.44.08:527][  0]LogTemp: Display: Module 'AndroidTargetPlatform' loaded TargetPlatform 'Android_ATCClient'
[2019.11.27-12.44.08:527][  0]LogTemp: Display: Module 'AndroidTargetPlatform' loaded TargetPlatform 'Android_DXTClient'
[2019.11.27-12.44.08:527][  0]LogTemp: Display: Module 'AndroidTargetPlatform' loaded TargetPlatform 'Android_ETC1Client'
[2019.11.27-12.44.08:527][  0]LogTemp: Display: Module 'AndroidTargetPlatform' loaded TargetPlatform 'Android_ETC1aClient'
[2019.11.27-12.44.08:527][  0]LogTemp: Display: Module 'AndroidTargetPlatform' loaded TargetPlatform 'Android_ETC2Client'
[2019.11.27-12.44.08:527][  0]LogTemp: Display: Module 'AndroidTargetPlatform' loaded TargetPlatform 'Android_PVRTCClient'
[2019.11.27-12.44.08:527][  0]LogTemp: Display: Module 'AndroidTargetPlatform' loaded TargetPlatform 'Android_Multi'
[2019.11.27-12.44.08:527][  0]LogTemp: Display: Module 'AndroidTargetPlatform' loaded TargetPlatform 'Android_MultiClient'
[2019.11.27-12.44.08:530][  0]LogTemp: Display: Module 'HTML5TargetPlatform' loaded TargetPlatform 'HTML5'
[2019.11.27-12.44.08:551][  0]LogTemp: Display: Module 'IOSTargetPlatform' loaded TargetPlatform 'IOSClient'
[2019.11.27-12.44.08:551][  0]LogTemp: Display: Module 'IOSTargetPlatform' loaded TargetPlatform 'IOS'
[2019.11.27-12.44.08:567][  0]LogTemp: Display: Module 'TVOSTargetPlatform' loaded TargetPlatform 'TVOSClient'
[2019.11.27-12.44.08:567][  0]LogTemp: Display: Module 'TVOSTargetPlatform' loaded TargetPlatform 'TVOS'
[2019.11.27-12.44.08:575][  0]LogTemp: Display: Module 'LinuxClientTargetPlatform' loaded TargetPlatform 'LinuxClient'
[2019.11.27-12.44.08:584][  0]LogTemp: Display: Module 'LinuxNoEditorTargetPlatform' loaded TargetPlatform 'LinuxNoEditor'
[2019.11.27-12.44.08:593][  0]LogTemp: Display: Module 'LinuxServerTargetPlatform' loaded TargetPlatform 'LinuxServer'
[2019.11.27-12.44.08:603][  0]LogTemp: Display: Module 'LinuxTargetPlatform' loaded TargetPlatform 'Linux'
[2019.11.27-12.44.08:633][  0]LogTemp: Display: Module 'LuminTargetPlatform' loaded TargetPlatform 'Lumin'
[2019.11.27-12.44.08:633][  0]LogTemp: Display: Module 'LuminTargetPlatform' loaded TargetPlatform 'LuminClient'
[2019.11.27-12.44.08:633][  0]LogTargetPlatformManager: Display: Building Assets For Windows
[2019.11.27-12.44.08:642][  0]LogAudioDebug: Display: Lib vorbis DLL was dynamically loaded.
[2019.11.27-12.44.08:701][  0]LogShaderCompilers: Guid format shader working directory is -5 characters bigger than the processId version (C:/Users/Gebruiker/Documents/Unreal Projects/Keuzedeel/Intermediate/Shaders/WorkingDirectory/12536/).
[2019.11.27-12.44.08:702][  0]LogShaderCompilers: Cleaned the shader compiler working directory 'C:/Users/Gebruiker/AppData/Local/Temp/UnrealShaderWorkingDir/570B76AB4D5BC51AEAC2259A5500F086/'.
[2019.11.27-12.44.08:704][  0]LogXGEController: Cleaning working directory: C:/Users/Gebruiker/AppData/Local/Temp/UnrealXGEWorkingDir/
[2019.11.27-12.44.08:705][  0]LogXGEController: Cannot use XGE Controller as Incredibuild is not installed on this machine.
[2019.11.27-12.44.08:705][  0]LogShaderCompilers: Cannot use XGE Shader Compiler as Incredibuild is not installed on this machine.
[2019.11.27-12.44.08:705][  0]LogShaderCompilers: Display: Using Local Shader Compiler.
[2019.11.27-12.44.09:608][  0]LogDerivedDataCache: Display: Max Cache Size: 512 MB
[2019.11.27-12.44.09:686][  0]LogDerivedDataCache: Loaded boot cache 0.08s 76MB C:/Users/Gebruiker/AppData/Local/UnrealEngine/4.23/DerivedDataCache/Boot.ddc.
[2019.11.27-12.44.09:686][  0]LogDerivedDataCache: Display: Loaded Boot cache: C:/Users/Gebruiker/AppData/Local/UnrealEngine/4.23/DerivedDataCache/Boot.ddc
[2019.11.27-12.44.09:686][  0]LogDerivedDataCache: FDerivedDataBackendGraph:  Pak pak cache file C:/Users/Gebruiker/Documents/Unreal Projects/Keuzedeel/DerivedDataCache/DDC.ddp not found, will not use a pak cache.
[2019.11.27-12.44.09:686][  0]LogDerivedDataCache: Unable to find inner node Pak for hierarchical cache Hierarchy.
[2019.11.27-12.44.09:686][  0]LogDerivedDataCache: FDerivedDataBackendGraph:  CompressedPak pak cache file C:/Users/Gebruiker/Documents/Unreal Projects/Keuzedeel/DerivedDataCache/Compressed.ddp not found, will not use a pak cache.
[2019.11.27-12.44.09:686][  0]LogDerivedDataCache: Unable to find inner node CompressedPak for hierarchical cache Hierarchy.
[2019.11.27-12.44.09:700][  0]LogDerivedDataCache: Display: Pak cache opened for reading ../../../Engine/DerivedDataCache/Compressed.ddp.
[2019.11.27-12.44.09:700][  0]LogDerivedDataCache: FDerivedDataBackendGraph:  EnterprisePak pak cache file ../../../Enterprise/DerivedDataCache/Compressed.ddp not found, will not use a pak cache.
[2019.11.27-12.44.09:700][  0]LogDerivedDataCache: Unable to find inner node EnterprisePak for hierarchical cache Hierarchy.
[2019.11.27-12.44.09:701][  0]LogDerivedDataCache: Using Local data cache path C:/Users/Gebruiker/AppData/Local/UnrealEngine/Common/DerivedDataCache: Writable
[2019.11.27-12.44.09:701][  0]LogDerivedDataCache: Shared data cache path not found in *engine.ini, will not use an Shared cache.
[2019.11.27-12.44.09:701][  0]LogDerivedDataCache: Unable to find inner node Shared for hierarchical cache Hierarchy.
[2019.11.27-12.44.09:729][  0]LogMaterial: Verifying Global Shaders for PCD3D_SM5
[2019.11.27-12.44.09:733][  0]LogSlate: Using FreeType 2.6.0
[2019.11.27-12.44.09:734][  0]LogSlate: SlateFontServices - WITH_FREETYPE: 1, WITH_HARFBUZZ: 1
[2019.11.27-12.44.09:802][  0]LogAssetRegistry: FAssetRegistry took 0.0033 seconds to start up
[2019.11.27-12.44.10:226][  0]LogInit: Selected Device Profile: [Windows]
[2019.11.27-12.44.10:425][  0]LogMeshReduction: Using QuadricMeshReduction for automatic static mesh reduction
[2019.11.27-12.44.10:425][  0]LogMeshReduction: Using SimplygonMeshReduction for automatic skeletal mesh reduction
[2019.11.27-12.44.10:425][  0]LogMeshReduction: Using ProxyLODMeshReduction for automatic mesh merging
[2019.11.27-12.44.10:425][  0]LogMeshReduction: No distributed automatic mesh merging module available
[2019.11.27-12.44.10:425][  0]LogMeshMerging: No distributed automatic mesh merging module available
[2019.11.27-12.44.10:439][  0]LogNetVersion: Keuzedeel 1.0.0, NetCL: 8386587, EngineNetVer: 11, GameNetVer: 0 (Checksum: 3783445049)
[2019.11.27-12.44.11:125][  0]LogPackageLocalizationCache: Processed 12 localized package path(s) for 1 prioritized culture(s) in 0.088128 seconds
[2019.11.27-12.44.11:141][  0]LogUObjectArray: 43444 objects as part of root set at end of initial load.
[2019.11.27-12.44.11:141][  0]LogUObjectAllocator: 7548648 out of 0 bytes used by permanent object pool.
[2019.11.27-12.44.11:141][  0]LogUObjectArray: CloseDisregardForGC: 0/0 objects in disregard for GC pool
[2019.11.27-12.44.12:330][  0]LogTcpMessaging: Initializing TcpMessaging bridge
[2019.11.27-12.44.12:334][  0]LogUdpMessaging: Initializing bridge on interface 0.0.0.0:0 to multicast group 230.0.0.1:6666.
[2019.11.27-12.44.12:617][  0]SourceControl: Source control is disabled
[2019.11.27-12.44.12:617][  0]SourceControl: Source control is disabled
[2019.11.27-12.44.12:619][  0]SourceControl: Source control is disabled
[2019.11.27-12.44.12:621][  0]SourceControl: Source control is disabled
[2019.11.27-12.44.12:756][  0]LogAndroidPermission: UAndroidPermissionCallbackProxy::GetInstance
[2019.11.27-12.44.12:906][  0]LogOcInput: OculusInput pre-init called
[2019.11.27-12.44.12:915][  0]LogWindows: Failed to load 'OVRPlugin.dll' (GetLastError=126)
[2019.11.27-12.44.12:915][  0]LogWindows: File 'OVRPlugin.dll' does not exist
[2019.11.27-12.44.13:002][  0]LogEngine: Initializing Engine...
[2019.11.27-12.44.13:003][  0]LogHMD: Failed to initialize OpenVR with code 110
[2019.11.27-12.44.13:005][  0]LogStats: UGameplayTagsManager::InitializeManager -  0.000 s
[2019.11.27-12.44.13:298][  0]LogInit: Initializing FReadOnlyCVARCache
[2019.11.27-12.44.13:311][  0]LogAIModule: Creating AISystem for world Untitled
[2019.11.27-12.44.13:340][  0]LogInit: XAudio2 using 'luidspreker/Hoofdtelefoon (Realtek High Definition Audio)' : 2 channels at 48 kHz using 32 bits per sample (channel mask 0x3)
[2019.11.27-12.44.13:374][  0]LogInit: FAudioDevice initialized.
[2019.11.27-12.44.13:374][  0]LogNetVersion: Set ProjectVersion to 1.0.0.0. Version Checksum will be recalculated on next use.
[2019.11.27-12.44.13:451][  0]LogDerivedDataCache: Saved boot cache 0.08s 76MB C:/Users/Gebruiker/AppData/Local/UnrealEngine/4.23/DerivedDataCache/Boot.ddc.
[2019.11.27-12.44.13:462][  0]LogInit: Texture streaming: Enabled
[2019.11.27-12.44.13:487][  0]LogEngineSessionManager: EngineSessionManager initialized
[2019.11.27-12.44.13:488][  0]LogEngineSessionManager: EngineSessionManager sent abnormal shutdown report. Type=Crashed, SessionId={7ACE365F-4302-B2D4-E99C-AA81D30B0962}
[2019.11.27-12.44.13:574][  0]LogInit: Transaction tracking system initialized
[2019.11.27-12.44.13:609][  0]BlueprintLog: New page: Editor Load
[2019.11.27-12.44.13:679][  0]LocalizationService: Localization service is disabled
[2019.11.27-12.44.13:979][  0]LogFileCache: Scanning file cache for directory 'C:/Users/Gebruiker/Documents/Unreal Projects/Keuzedeel/Content/' took 0.01s
[2019.11.27-12.44.13:979][  0]LogCook: Display: Max memory allowance for cook 16384mb min free memory 0mb
[2019.11.27-12.44.13:979][  0]LogCook: Display: Mobile HDR setting 1
[2019.11.27-12.44.14:222][  0]SourceControl: Source control is disabled
[2019.11.27-12.44.14:222][  0]Cmd: MAP LOAD FILE="C:/Users/Gebruiker/Documents/Unreal Projects/Keuzedeel/Content/FirstPersonCPP/Maps/FirstPersonExampleMap.umap" TEMPLATE=0 SHOWPROGRESS=1 FEATURELEVEL=3
[2019.11.27-12.44.14:223][  0]LogEditorServer: Warning: Can't find file 'C:/Users/Gebruiker/Documents/Unreal Projects/Keuzedeel/Content/FirstPersonCPP/Maps/FirstPersonExampleMap.umap'
[2019.11.27-12.44.14:223][  0]Cmd: MAP CHECKDEP NOCLEARLOG
[2019.11.27-12.44.14:223][  0]MapCheck: Map check complete: 0 Error(s), 0 Warning(s), took 0,138ms to complete.
[2019.11.27-12.44.14:223][  0]LogFileHelpers: Loading map 'FirstPersonExampleMap' took 0.001
[2019.11.27-12.44.14:341][  0]LogSlate: Updating window title bar state: overlay mode, drag disabled, window buttons hidden, title bar hidden
[2019.11.27-12.44.14:353][  0]LogSlate: Updating window title bar state: overlay mode, drag disabled, window buttons hidden, title bar hidden
[2019.11.27-12.44.14:364][  0]LogSlate: Updating window title bar state: overlay mode, drag disabled, window buttons hidden, title bar hidden
[2019.11.27-12.44.14:373][  0]LogSlate: Updating window title bar state: overlay mode, drag disabled, window buttons hidden, title bar hidden
[2019.11.27-12.44.14:380][  0]LogCollectionManager: Loaded 0 collections in 0.001407 seconds
[2019.11.27-12.44.14:385][  0]LogFileCache: Scanning file cache for directory 'C:/Users/Gebruiker/Documents/Unreal Projects/Keuzedeel/Saved/Collections/' took 0.00s
[2019.11.27-12.44.14:385][  0]LogFileCache: Scanning file cache for directory 'C:/Users/Gebruiker/Documents/Unreal Projects/Keuzedeel/Content/Developers/Gebruiker/Collections/' took 0.00s
[2019.11.27-12.44.14:385][  0]LogFileCache: Scanning file cache for directory 'C:/Users/Gebruiker/Documents/Unreal Projects/Keuzedeel/Content/Collections/' took 0.00s
[2019.11.27-12.44.14:385][  0]LogCollectionManager: Rebuilt the GUID cache for 0 collections in 0.000002 seconds
[2019.11.27-12.44.14:398][  0]LogContentBrowser: Native class hierarchy populated in 0.0126 seconds. Added 2870 classes and 682 folders.
[2019.11.27-12.44.14:405][  0]LogContentBrowser: Native class hierarchy updated for 'WidgetCarousel' in 0.0004 seconds. Added 0 classes and 0 folders.
[2019.11.27-12.44.14:442][  0]LogContentBrowser: Native class hierarchy updated for 'AddContentDialog' in 0.0004 seconds. Added 0 classes and 0 folders.
[2019.11.27-12.44.14:447][  0]LogContentBrowser: Native class hierarchy updated for 'SceneOutliner' in 0.0004 seconds. Added 1 classes and 2 folders.
[2019.11.27-12.44.14:455][  0]LogContentBrowser: Native class hierarchy updated for 'WorldBrowser' in 0.0004 seconds. Added 2 classes and 3 folders.
[2019.11.27-12.44.14:524][  0]LogSlate: Took 0.000152 seconds to synchronously load lazily loaded font '../../../Engine/Content/Slate/Fonts/Roboto-Regular.ttf' (155K)
[2019.11.27-12.44.14:527][  0]LogSlate: Took 0.000202 seconds to synchronously load lazily loaded font '../../../Engine/Content/Slate/Fonts/Roboto-Bold.ttf' (160K)
[2019.11.27-12.44.14:534][  0]LogSlate: Took 0.000156 seconds to synchronously load lazily loaded font '../../../Engine/Content/Editor/Slate/Fonts/FontAwesome.ttf' (139K)
[2019.11.27-12.44.14:611][  0]LogRenderer: Reallocating scene render targets to support 840x408 Format 10 NumSamples 1 (Frame:1).
[2019.11.27-12.44.14:682][  0]LogSlate: Took 0.000213 seconds to synchronously load lazily loaded font '../../../Engine/Content/Slate/Fonts/Roboto-Light.ttf' (167K)
[2019.11.27-12.44.14:781][  0]LogContentBrowser: Native class hierarchy updated for 'HierarchicalLODOutliner' in 0.0004 seconds. Added 0 classes and 0 folders.
[2019.11.27-12.44.14:781][  0]LogLoad: (Engine Initialization) Total time: 8.63 seconds
[2019.11.27-12.44.14:781][  0]LogLoad: (Engine Initialization) Total Blueprint compile time: 0.00 seconds
[2019.11.27-12.44.14:833][  0]LogAssetRegistry: Asset discovery search completed in 5.0339 seconds
[2019.11.27-12.44.14:836][  0]LogCollectionManager: Rebuilt the object cache for 0 collections in 0.000004 seconds (found 0 objects)
[2019.11.27-12.44.14:836][  0]LogCollectionManager: Fixed up redirectors for 0 collections in 0.000044 seconds (updated 0 objects)
[2019.11.27-12.44.14:837][  0]LogContentStreaming: Texture pool size now 1000 MB
[2019.11.27-12.44.56:669][ 68]LogSlate: FSceneViewport::OnFocusLost() reason 0
[2019.11.27-12.44.56:873][ 80]LogSlate: Took 0.000124 seconds to synchronously load lazily loaded font '../../../Engine/Content/Slate/Fonts/Roboto-Light.ttf' (167K)
[2019.11.27-12.44.56:882][ 80]LogAssetEditorManager: Opening Asset editor for Class /Script/Keuzedeel.CubeSpawner
[2019.11.27-12.45.38:471][205]LogHttp: Warning: 0000012EDBB7CA40: invalid HTTP response code received. URL: https://datarouter.ol.epicgames.com/datarouter/api/v1/public/data?SessionID=%7B90FD57A2-4F52-CC10-6C43-F0BD4CFCFD08%7D&AppID=UEEditor.Rocket.Release&AppVersion=4.23.0-8386587%2B%2B%2BUE4%2BRelease-4.23&UserID=8dd7522b48c725784cd44da95f4abba5%7Cfd3fc717484947b78336ec20b33837e7%7Cf6dff3aa-a68e-41f4-b634-2b52fb4f6104&AppEnvironment=datacollector-binary&UploadType=eteventstream, HTTP code: 0, content length: -1, actual payload size: 0
[2019.11.27-12.45.38:472][205]LogHttp: Warning: 0000012EDBB7CA40: request failed, libcurl error: 35 (SSL connect error)
[2019.11.27-12.45.38:472][205]LogHttp: Warning: 0000012EDBB7CA40: libcurl info message cache 0 (  Trying 52.1.97.25...)
[2019.11.27-12.45.38:472][205]LogHttp: Warning: 0000012EDBB7CA40: libcurl info message cache 1 (TCP_NODELAY set)
[2019.11.27-12.45.38:472][205]LogHttp: Warning: 0000012EDBB7CA40: libcurl info message cache 2 (Connected to datarouter.ol.epicgames.com (52.1.97.25) port 443 (#0))
[2019.11.27-12.45.38:472][205]LogHttp: Warning: 0000012EDBB7CA40: libcurl info message cache 3 (ALPN, offering http/1.1)
[2019.11.27-12.45.38:472][205]LogHttp: Warning: 0000012EDBB7CA40: libcurl info message cache 4 (Cipher selection: ALL:!EXPORT:!EXPORT40:!EXPORT56:!aNULL:!LOW:!RC4:@STRENGTH)
[2019.11.27-12.45.38:472][205]LogHttp: Warning: 0000012EDBB7CA40: libcurl info message cache 5 (TLSv1.3 (OUT), TLS handshake, Client hello (1):)
[2019.11.27-12.45.38:472][205]LogHttp: Warning: 0000012EDBB7CA40: libcurl info message cache 6 (TLSv1.3 (IN), TLS handshake, Server hello (2):)
[2019.11.27-12.45.38:472][205]LogHttp: Warning: 0000012EDBB7CA40: libcurl info message cache 7 (TLSv1.2 (IN), TLS handshake, Certificate (11):)
[2019.11.27-12.45.38:472][205]LogHttp: Warning: 0000012EDBB7CA40: libcurl info message cache 8 (TLSv1.2 (IN), TLS handshake, Server key exchange (12):)
[2019.11.27-12.45.38:472][205]LogHttp: Warning: 0000012EDBB7CA40: libcurl info message cache 9 (TLSv1.2 (IN), TLS handshake, Server finished (14):)
[2019.11.27-12.45.38:472][205]LogHttp: Warning: 0000012EDBB7CA40: libcurl info message cache 10 (TLSv1.2 (OUT), TLS handshake, Client key exchange (16):)
[2019.11.27-12.45.38:472][205]LogHttp: Warning: 0000012EDBB7CA40: libcurl info message cache 11 (TLSv1.2 (OUT), TLS change cipher, Client hello (1):)
[2019.11.27-12.45.38:472][205]LogHttp: Warning: 0000012EDBB7CA40: libcurl info message cache 12 (TLSv1.2 (OUT), TLS handshake, Finished (20):)
[2019.11.27-12.45.38:472][205]LogHttp: Warning: 0000012EDBB7CA40: libcurl info message cache 13 (OpenSSL SSL_connect: SSL_ERROR_SYSCALL in connection to datarouter.ol.epicgames.com:443 )
[2019.11.27-12.45.38:472][205]LogHttp: Warning: 0000012EDBB7CA40: libcurl info message cache 14 (Closing connection 0)
[2019.11.27-12.45.38:804][206]LogHttp: Warning: Retry exhausted on https://datarouter.ol.epicgames.com/datarouter/api/v1/public/data?SessionID=%7B90FD57A2-4F52-CC10-6C43-F0BD4CFCFD08%7D&AppID=UEEditor.Rocket.Release&AppVersion=4.23.0-8386587%2B%2B%2BUE4%2BRelease-4.23&UserID=8dd7522b48c725784cd44da95f4abba5%7Cfd3fc717484947b78336ec20b33837e7%7Cf6dff3aa-a68e-41f4-b634-2b52fb4f6104&AppEnvironment=datacollector-binary&UploadType=eteventstream
[2019.11.27-12.45.54:843][320]Candidate modules for hot reload:
[2019.11.27-12.45.54:843][320]  Keuzedeel
[2019.11.27-12.45.54:843][320]Launching UnrealBuildTool... [D:/Epic Games/UE_4.23/Engine/Binaries/DotNET/UnrealBuildTool.exe  -ModuleWithSuffix=Keuzedeel,7878 Win64 Development -TargetType=Editor -Project="C:/Users/Gebruiker/Documents/Unreal Projects/Keuzedeel/Keuzedeel.uproject" "C:/Users/Gebruiker/Documents/Unreal Projects/Keuzedeel/Keuzedeel.uproject"  -IgnoreJunk]
[2019.11.27-12.45.54:855][320]Warning: Starting HotReload took  0.0s.
[2019.11.27-12.46.03:597][844]CompilerResultsLog: New page: Compilation - 27 nov. 2019 14:46:03
[2019.11.27-12.46.03:597][844]CompilerResultsLog: Parsing headers for KeuzedeelEditor
[2019.11.27-12.46.03:597][844]CompilerResultsLog:   Running UnrealHeaderTool "C:\Users\Gebruiker\Documents\Unreal Projects\Keuzedeel\Keuzedeel.uproject" "C:\Users\Gebruiker\Documents\Unreal Projects\Keuzedeel\Intermediate\Build\Win64\KeuzedeelEditor\Development\KeuzedeelEditor.uhtmanifest" -LogCmds="loginit warning, logexit warning, logdatabase error" -Unattended -WarningsAsErrors -installed
[2019.11.27-12.46.03:597][844]CompilerResultsLog: Reflection code generated for KeuzedeelEditor in 6,722433 seconds
[2019.11.27-12.46.03:597][844]CompilerResultsLog: Using Visual Studio 2019 14.23.28105 toolchain (C:\Program Files (x86)\Microsoft Visual Studio\2019\Community\VC\Tools\MSVC\14.23.28105) and Windows 10.0.16299.0 SDK (C:\Program Files (x86)\Windows Kits\10).
[2019.11.27-12.46.03:597][844]CompilerResultsLog: Building 4 actions with 8 processes...
[2019.11.27-12.46.03:597][844]CompilerResultsLog:   [1/4] CubeSpawner.cpp
[2019.11.27-12.46.03:597][844]CompilerResultsLog:   C:\Users\Gebruiker\Documents\Unreal Projects\Keuzedeel\Source\Keuzedeel\CubeSpawner.cpp: fatal error C1853: 'C:\Users\Gebruiker\Documents\Unreal Projects\Keuzedeel\Intermediate\Build\Win64\KeuzedeelEditor\Development\Engine\SharedPCH.Engine.h.pch' precompiled header file is from a different version of the compiler, or the precompiled header is C++ and you are using it from C (or vice versa)
[2019.11.27-12.46.03:597][844]LogMainFrame: MainFrame: Module compiling took 8.759 seconds
[2019.11.27-12.46.03:597][844]Warning: HotReload failed, recompile failed
[2019.11.27-12.48.01:411][912]LogHttp: Warning: 0000012EBDFD20C0: invalid HTTP response code received. URL: https://datarouter.ol.epicgames.com/datarouter/api/v1/public/data?SessionID=%7B90FD57A2-4F52-CC10-6C43-F0BD4CFCFD08%7D&AppID=UEEditor.Rocket.Release&AppVersion=4.23.0-8386587%2B%2B%2BUE4%2BRelease-4.23&UserID=8dd7522b48c725784cd44da95f4abba5%7Cfd3fc717484947b78336ec20b33837e7%7Cf6dff3aa-a68e-41f4-b634-2b52fb4f6104&AppEnvironment=datacollector-binary&UploadType=eteventstream, HTTP code: 0, content length: -1, actual payload size: 0
[2019.11.27-12.48.01:412][912]LogHttp: Warning: 0000012EBDFD20C0: request failed, libcurl error: 35 (SSL connect error)
[2019.11.27-12.48.01:412][912]LogHttp: Warning: 0000012EBDFD20C0: libcurl info message cache 0 (Hostname in DNS cache was stale, zapped)
[2019.11.27-12.48.01:412][912]LogHttp: Warning: 0000012EBDFD20C0: libcurl info message cache 1 (  Trying 52.200.123.101...)
[2019.11.27-12.48.01:412][912]LogHttp: Warning: 0000012EBDFD20C0: libcurl info message cache 2 (TCP_NODELAY set)
[2019.11.27-12.48.01:412][912]LogHttp: Warning: 0000012EBDFD20C0: libcurl info message cache 3 (Connected to datarouter.ol.epicgames.com (52.200.123.101) port 443 (#1))
[2019.11.27-12.48.01:412][912]LogHttp: Warning: 0000012EBDFD20C0: libcurl info message cache 4 (ALPN, offering http/1.1)
[2019.11.27-12.48.01:412][912]LogHttp: Warning: 0000012EBDFD20C0: libcurl info message cache 5 (Cipher selection: ALL:!EXPORT:!EXPORT40:!EXPORT56:!aNULL:!LOW:!RC4:@STRENGTH)
[2019.11.27-12.48.01:412][912]LogHttp: Warning: 0000012EBDFD20C0: libcurl info message cache 6 (TLSv1.3 (OUT), TLS handshake, Client hello (1):)
[2019.11.27-12.48.01:412][912]LogHttp: Warning: 0000012EBDFD20C0: libcurl info message cache 7 (TLSv1.3 (IN), TLS handshake, Server hello (2):)
[2019.11.27-12.48.01:412][912]LogHttp: Warning: 0000012EBDFD20C0: libcurl info message cache 8 (TLSv1.2 (IN), TLS handshake, Certificate (11):)
[2019.11.27-12.48.01:412][912]LogHttp: Warning: 0000012EBDFD20C0: libcurl info message cache 9 (TLSv1.2 (IN), TLS handshake, Server key exchange (12):)
[2019.11.27-12.48.01:412][912]LogHttp: Warning: 0000012EBDFD20C0: libcurl info message cache 10 (TLSv1.2 (IN), TLS handshake, Server finished (14):)
[2019.11.27-12.48.01:412][912]LogHttp: Warning: 0000012EBDFD20C0: libcurl info message cache 11 (TLSv1.2 (OUT), TLS handshake, Client key exchange (16):)
[2019.11.27-12.48.01:412][912]LogHttp: Warning: 0000012EBDFD20C0: libcurl info message cache 12 (TLSv1.2 (OUT), TLS change cipher, Client hello (1):)
[2019.11.27-12.48.01:412][912]LogHttp: Warning: 0000012EBDFD20C0: libcurl info message cache 13 (TLSv1.2 (OUT), TLS handshake, Finished (20):)
[2019.11.27-12.48.01:412][912]LogHttp: Warning: 0000012EBDFD20C0: libcurl info message cache 14 (OpenSSL SSL_connect: SSL_ERROR_SYSCALL in connection to datarouter.ol.epicgames.com:443 )
[2019.11.27-12.48.01:412][912]LogHttp: Warning: 0000012EBDFD20C0: libcurl info message cache 15 (Closing connection 1)
[2019.11.27-12.48.01:412][912]LogHttp: Warning: Retry exhausted on https://datarouter.ol.epicgames.com/datarouter/api/v1/public/data?SessionID=%7B90FD57A2-4F52-CC10-6C43-F0BD4CFCFD08%7D&AppID=UEEditor.Rocket.Release&AppVersion=4.23.0-8386587%2B%2B%2BUE4%2BRelease-4.23&UserID=8dd7522b48c725784cd44da95f4abba5%7Cfd3fc717484947b78336ec20b33837e7%7Cf6dff3aa-a68e-41f4-b634-2b52fb4f6104&AppEnvironment=datacollector-binary&UploadType=eteventstream
[2019.11.27-12.48.27:181][ 87]LogAIModule: Creating AISystem for world NewMap1
[2019.11.27-12.48.27:188][ 87]LogAssetEditorManager: Opening Asset editor for World /Game/NewMap1.NewMap1
[2019.11.27-12.48.27:218][ 87]LogUObjectHash: Compacting FUObjectHashTables data took   1.95ms
[2019.11.27-12.48.27:219][ 87]Cmd: MAP LOAD FILE="C:/Users/Gebruiker/Documents/Unreal Projects/Keuzedeel/Content/NewMap1.umap" TEMPLATE=0 SHOWPROGRESS=1 FEATURELEVEL=3
[2019.11.27-12.48.27:219][ 87]LightingResults: New page: Lighting Build
[2019.11.27-12.48.27:236][ 87]LogContentBrowser: Native class hierarchy updated for 'StatsViewer' in 0.0003 seconds. Added 5 classes and 0 folders.
[2019.11.27-12.48.27:237][ 87]LoadErrors: New page: Loading map: NewMap1.umap
[2019.11.27-12.48.27:237][ 87]LogWorld: UWorld::CleanupWorld for Untitled, bSessionEnded=true, bCleanupResources=true
[2019.11.27-12.48.27:237][ 87]MapCheck: New page: Map Check
[2019.11.27-12.48.27:237][ 87]LightingResults: New page: Lighting Build
[2019.11.27-12.48.27:265][ 87]LogUObjectHash: Compacting FUObjectHashTables data took   2.74ms
[2019.11.27-12.48.27:319][ 87]LogEditorServer: Finished looking for orphan Actors (0.000 secs)
[2019.11.27-12.48.27:347][ 87]LogUObjectHash: Compacting FUObjectHashTables data took   1.38ms
[2019.11.27-12.48.27:368][ 87]Cmd: MAP CHECKDEP NOCLEARLOG
[2019.11.27-12.48.27:368][ 87]MapCheck: Map check complete: 0 Error(s), 0 Warning(s), took 0,14ms to complete.
[2019.11.27-12.48.27:368][ 87]LogFileHelpers: Loading map 'NewMap1' took 0.150
[2019.11.27-12.48.33:478][445]LogEditor: Attempting to add actor of class 'CubeSpawner' to level at -500.00,-70.00,20.00
[2019.11.27-12.48.33:478][445]LogOutputDevice: Warning: 

Script Stack (0 frames):

[2019.11.27-12.48.33:479][445]LogWindows: Windows GetLastError: De bewerking is voltooid. (0)
[2019.11.27-12.48.34:585][445]LogWindows: Error: === Critical error: ===
[2019.11.27-12.48.34:585][445]LogWindows: Error: 
[2019.11.27-12.48.34:585][445]LogWindows: Error: Assertion failed: (Index >= 0) & (Index < ArrayNum) [File:D:\Epic Games\UE_4.23\Engine\Source\Runtime\Core\Public\Containers/Array.h] [Line: 614] 
[2019.11.27-12.48.34:585][445]LogWindows: Error: Array index out of bounds: 0 from an array of size 0
[2019.11.27-12.48.34:585][445]LogWindows: Error: 
[2019.11.27-12.48.34:585][445]LogWindows: Error: 
[2019.11.27-12.48.34:585][445]LogWindows: Error: [Callstack] 0x00007ff89175a839 KERNELBASE.dll!UnknownFunction []
[2019.11.27-12.48.34:585][445]LogWindows: Error: [Callstack] 0x00007ff8579c9ef7 UE4Editor-Core.dll!UnknownFunction []
[2019.11.27-12.48.34:586][445]LogWindows: Error: [Callstack] 0x00007ff8579cc754 UE4Editor-Core.dll!UnknownFunction []
[2019.11.27-12.48.34:586][445]LogWindows: Error: [Callstack] 0x00007ff8577c1afa UE4Editor-Core.dll!UnknownFunction []
[2019.11.27-12.48.34:586][445]LogWindows: Error: [Callstack] 0x00007ff8577167c3 UE4Editor-Core.dll!UnknownFunction []
[2019.11.27-12.48.34:586][445]LogWindows: Error: [Callstack] 0x00007ff857716ed0 UE4Editor-Core.dll!UnknownFunction []
[2019.11.27-12.48.34:586][445]LogWindows: Error: [Callstack] 0x00007ff81b78e0d8 UE4Editor-Keuzedeel-2269.dll!DispatchCheckVerify<void,<lambda_e2651dfe7e0077b7777bb4d7273ca56b> >() [D:\Epic Games\UE_4.23\Engine\Source\Runtime\Core\Public\Misc\AssertionMacros.h:165]
[2019.11.27-12.48.34:586][445]LogWindows: Error: [Callstack] 0x00007ff81b782d91 UE4Editor-Keuzedeel-2269.dll!ACubeSpawner::RemoveObjects() [C:\Users\Gebruiker\Documents\Unreal Projects\Keuzedeel\Source\Keuzedeel\CubeSpawner.cpp:51]
[2019.11.27-12.48.34:586][445]LogWindows: Error: [Callstack] 0x00007ff81b78297b UE4Editor-Keuzedeel-2269.dll!ACubeSpawner::OnConstruction() [C:\Users\Gebruiker\Documents\Unreal Projects\Keuzedeel\Source\Keuzedeel\CubeSpawner.cpp:59]
[2019.11.27-12.48.34:586][445]LogWindows: Error: [Callstack] 0x00007ff832a684d8 UE4Editor-Engine.dll!UnknownFunction []
[2019.11.27-12.48.34:586][445]LogWindows: Error: [Callstack] 0x00007ff832a6b944 UE4Editor-Engine.dll!UnknownFunction []
[2019.11.27-12.48.34:586][445]LogWindows: Error: [Callstack] 0x00007ff832a89103 UE4Editor-Engine.dll!UnknownFunction []
[2019.11.27-12.48.34:586][445]LogWindows: Error: [Callstack] 0x00007ff83332dde1 UE4Editor-Engine.dll!UnknownFunction []
[2019.11.27-12.48.34:586][445]LogWindows: Error: [Callstack] 0x00007ff83332e2d7 UE4Editor-Engine.dll!UnknownFunction []
[2019.11.27-12.48.34:586][445]LogWindows: Error: [Callstack] 0x00007ff848d7a4f6 UE4Editor-UnrealEd.dll!UnknownFunction []
[2019.11.27-12.48.34:586][445]LogWindows: Error: [Callstack] 0x00007ff849226b69 UE4Editor-UnrealEd.dll!UnknownFunction []
[2019.11.27-12.48.34:586][445]LogWindows: Error: [Callstack] 0x00007ff8491fec89 UE4Editor-UnrealEd.dll!UnknownFunction []
[2019.11.27-12.48.34:586][445]LogWindows: Error: [Callstack] 0x00007ff8491fe31e UE4Editor-UnrealEd.dll!UnknownFunction []
[2019.11.27-12.48.34:586][445]LogWindows: Error: [Callstack] 0x00007ff837ded77d UE4Editor-LevelEditor.dll!UnknownFunction []
[2019.11.27-12.48.34:586][445]LogWindows: Error: [Callstack] 0x00007ff837e042aa UE4Editor-LevelEditor.dll!UnknownFunction []
[2019.11.27-12.48.34:586][445]LogWindows: Error: [Callstack] 0x00007ff856ff2718 UE4Editor-Slate.dll!UnknownFunction []
[2019.11.27-12.48.34:586][445]LogWindows: Error: [Callstack] 0x00007ff85707ab08 UE4Editor-Slate.dll!UnknownFunction []
[2019.11.27-12.48.34:586][445]LogWindows: Error: [Callstack] 0x00007ff857065b2c UE4Editor-Slate.dll!UnknownFunction []
[2019.11.27-12.48.34:586][445]LogWindows: Error: [Callstack] 0x00007ff857059a1e UE4Editor-Slate.dll!UnknownFunction []
[2019.11.27-12.48.34:586][445]LogWindows: Error: [Callstack] 0x00007ff8762e4c4c UE4Editor-ApplicationCore.dll!UnknownFunction []
[2019.11.27-12.48.34:586][445]LogWindows: Error: [Callstack] 0x00007ff8762d26df UE4Editor-ApplicationCore.dll!UnknownFunction []
[2019.11.27-12.48.34:586][445]LogWindows: Error: [Callstack] 0x00007ff8762e7340 UE4Editor-ApplicationCore.dll!UnknownFunction []
[2019.11.27-12.48.34:586][445]LogWindows: Error: [Callstack] 0x00007ff8762cedd0 UE4Editor-ApplicationCore.dll!UnknownFunction []
[2019.11.27-12.48.34:586][445]LogWindows: Error: [Callstack] 0x00007ff891af63ed USER32.dll!UnknownFunction []
[2019.11.27-12.48.34:586][445]LogWindows: Error: [Callstack] 0x00007ff891af5de2 USER32.dll!UnknownFunction []
[2019.11.27-12.48.34:586][445]LogWindows: Error: [Callstack] 0x00007ff8762e88e9 UE4Editor-ApplicationCore.dll!UnknownFunction []
[2019.11.27-12.48.34:586][445]LogWindows: Error: [Callstack] 0x00007ff7ea826980 UE4Editor.exe!UnknownFunction []
[2019.11.27-12.48.34:586][445]LogWindows: Error: [Callstack] 0x00007ff7ea83a91c UE4Editor.exe!UnknownFunction []
[2019.11.27-12.48.34:586][445]LogWindows: Error: [Callstack] 0x00007ff7ea83a9fa UE4Editor.exe!UnknownFunction []
[2019.11.27-12.48.34:586][445]LogWindows: Error: [Callstack] 0x00007ff7ea84b92c UE4Editor.exe!UnknownFunction []
[2019.11.27-12.48.34:586][445]LogWindows: Error: [Callstack] 0x00007ff7ea84e60e UE4Editor.exe!UnknownFunction []
[2019.11.27-12.48.34:586][445]LogWindows: Error: [Callstack] 0x00007ff891ca7bd4 KERNEL32.DLL!UnknownFunction []
[2019.11.27-12.48.34:586][445]LogWindows: Error: [Callstack] 0x00007ff89398ced1 ntdll.dll!UnknownFunction []
[2019.11.27-12.48.34:586][445]LogWindows: Error: 
[2019.11.27-12.48.34:599][445]LogExit: Executing StaticShutdownAfterError
[2019.11.27-12.48.34:601][445]LogWindows: FPlatformMisc::RequestExit(1)
[2019.11.27-12.48.34:604][445]Log file closed, 11/27/19 13:48:34
