Log file open, 11/27/19 15:09:53
LogWindows: Failed to load 'aqProf.dll' (GetLastError=126)
LogWindows: File 'aqProf.dll' does not exist
LogWindows: Failed to load 'VtuneApi.dll' (GetLastError=126)
LogWindows: File 'VtuneApi.dll' does not exist
LogWindows: Failed to load 'VtuneApi32e.dll' (GetLastError=126)
LogWindows: File 'VtuneApi32e.dll' does not exist
LogConsoleResponse: Display: Failed to find resolution value strings in scalability ini. Falling back to default.
LogInit: Display: Running engine for game: Keuzedeel
LogPlatformFile: Not using cached read wrapper
LogTaskGraph: Started task graph with 5 named threads and 23 total threads with 3 sets of task threads.
LogStats: Stats thread started at 0.077477
LogD3D11RHI: Loaded GFSDK_Aftermath_Lib.x64.dll
LogICUInternationalization: ICU TimeZone Detection - Raw Offset: +1:00, Platform Override: ''
LogPluginManager: Mounting plugin Paper2D
LogPluginManager: Mounting plugin AISupport
LogPluginManager: Mounting plugin LightPropagationVolume
LogPluginManager: Mounting plugin ActorLayerUtilities
LogPluginManager: Mounting plugin AnimationSharing
LogPluginManager: Mounting plugin CLionSourceCodeAccess
LogPluginManager: Mounting plugin CodeLiteSourceCodeAccess
LogPluginManager: Mounting plugin GitSourceControl
LogPluginManager: Mounting plugin KDevelopSourceCodeAccess
LogPluginManager: Mounting plugin NullSourceCodeAccess
LogPluginManager: Mounting plugin PerforceSourceControl
LogPluginManager: Mounting plugin SubversionSourceControl
LogPluginManager: Mounting plugin UObjectPlugin
LogPluginManager: Mounting plugin VisualStudioCodeSourceCodeAccess
LogPluginManager: Mounting plugin VisualStudioSourceCodeAccess
LogPluginManager: Mounting plugin XCodeSourceCodeAccess
LogPluginManager: Mounting plugin AssetManagerEditor
LogPluginManager: Mounting plugin CryptoKeys
LogPluginManager: Mounting plugin CurveEditorTools
LogPluginManager: Mounting plugin DataValidation
LogPluginManager: Mounting plugin FacialAnimation
LogPluginManager: Mounting plugin GameplayTagsEditor
LogPluginManager: Mounting plugin MacGraphicsSwitching
LogPluginManager: Mounting plugin MaterialAnalyzer
LogPluginManager: Mounting plugin MobileLauncherProfileWizard
LogPluginManager: Mounting plugin PluginBrowser
LogPluginManager: Mounting plugin SpeedTreeImporter
LogPluginManager: Mounting plugin DatasmithContent
LogPluginManager: Mounting plugin VariantManagerContent
LogPluginManager: Mounting plugin AlembicImporter
LogPluginManager: Mounting plugin AutomationUtils
LogPluginManager: Mounting plugin BackChannel
LogPluginManager: Mounting plugin CharacterAI
LogPluginManager: Mounting plugin GeometryCache
LogPluginManager: Mounting plugin HTML5Networking
LogPluginManager: Mounting plugin PlatformCrypto
LogPluginManager: Mounting plugin ProxyLODPlugin
LogPluginManager: Mounting plugin SkeletalReduction
LogPluginManager: Mounting plugin MagicLeap
LogPluginManager: Mounting plugin MagicLeapMedia
LogPluginManager: Mounting plugin AndroidMedia
LogPluginManager: Mounting plugin AvfMedia
LogPluginManager: Mounting plugin ImgMedia
LogPluginManager: Mounting plugin MediaCompositing
LogPluginManager: Mounting plugin MediaPlayerEditor
LogPluginManager: Mounting plugin WebMMedia
LogPluginManager: Mounting plugin WmfMedia
LogPluginManager: Mounting plugin TcpMessaging
LogPluginManager: Mounting plugin UdpMessaging
LogPluginManager: Mounting plugin ActorSequence
LogPluginManager: Mounting plugin LevelSequenceEditor
LogPluginManager: Mounting plugin MatineeToLevelSequence
LogPluginManager: Mounting plugin NetcodeUnitTest
LogPluginManager: Mounting plugin NUTUnrealEngine4
LogPluginManager: Mounting plugin OnlineSubsystemGooglePlay
LogPluginManager: Mounting plugin OnlineSubsystemIOS
LogPluginManager: Mounting plugin OnlineSubsystem
LogPluginManager: Mounting plugin OnlineSubsystemNull
LogPluginManager: Mounting plugin OnlineSubsystemUtils
LogPluginManager: Mounting plugin LauncherChunkInstaller
LogPluginManager: Mounting plugin AndroidDeviceProfileSelector
LogPluginManager: Mounting plugin AndroidMoviePlayer
LogPluginManager: Mounting plugin AndroidPermission
LogPluginManager: Mounting plugin AppleImageUtils
LogPluginManager: Mounting plugin AppleMoviePlayer
LogPluginManager: Mounting plugin ArchVisCharacter
LogPluginManager: Mounting plugin AudioCapture
LogPluginManager: Mounting plugin CableComponent
LogPluginManager: Mounting plugin CustomMeshComponent
LogPluginManager: Mounting plugin EditableMesh
LogPluginManager: Mounting plugin ExampleDeviceProfileSelector
LogPluginManager: Mounting plugin GoogleCloudMessaging
LogPluginManager: Mounting plugin IOSDeviceProfileSelector
LogPluginManager: Mounting plugin LinuxDeviceProfileSelector
LogPluginManager: Mounting plugin LocationServicesBPLibrary
LogPluginManager: Mounting plugin MobilePatchingUtils
LogPluginManager: Mounting plugin OculusVR
LogPluginManager: Mounting plugin PhysXVehicles
LogPluginManager: Mounting plugin ProceduralMeshComponent
LogPluginManager: Mounting plugin RuntimePhysXCooking
LogPluginManager: Mounting plugin SignificanceManager
LogPluginManager: Mounting plugin SteamVR
LogPluginManager: Mounting plugin WebMMoviePlayer
LogPluginManager: Mounting plugin WindowsMoviePlayer
LogPluginManager: Mounting plugin ScreenshotTools
LogInit: Using libcurl 7.55.1-DEV
LogInit:  - built for x86_64-pc-win32
LogInit:  - supports SSL with OpenSSL/1.1.1
LogInit:  - supports HTTP deflate (compression) using libz 1.2.8
LogInit:  - other features:
LogInit:      CURL_VERSION_SSL
LogInit:      CURL_VERSION_LIBZ
LogInit:      CURL_VERSION_IPV6
LogInit:      CURL_VERSION_ASYNCHDNS
LogInit:      CURL_VERSION_LARGEFILE
LogInit:      CURL_VERSION_IDN
LogInit:  CurlRequestOptions (configurable via config and command line):
LogInit:  - bVerifyPeer = true  - Libcurl will verify peer certificate
LogInit:  - bUseHttpProxy = false  - Libcurl will NOT use HTTP proxy
LogInit:  - bDontReuseConnections = false  - Libcurl will reuse connections
LogInit:  - MaxHostConnections = 16  - Libcurl will limit the number of connections to a host
LogInit:  - LocalHostAddr = Default
LogInit:  - BufferSize = 65536
LogOnline: OSS: Creating online subsystem instance for: NULL
LogInit: WinSock: version 1.1 (2.2), MaxSocks=32767, MaxUdp=65467
LogInit: Build: ++UE4+Release-4.23-CL-8386587
LogInit: Engine Version: 4.23.0-8386587+++UE4+Release-4.23
LogInit: Compatible Engine Version: 4.23.0-8386587+++UE4+Release-4.23
LogInit: Net CL: 8386587
LogInit: OS: Windows 10 (Release 1903) (), CPU: Intel(R) Core(TM) i7-7700HQ CPU @ 2.80GHz, GPU: Intel(R) HD Graphics 630
LogInit: Compiled (64-bit): Aug 31 2019 02:04:44
LogInit: Compiled with Visual C++: 19.16.27030.01
LogInit: Build Configuration: Development
LogInit: Branch Name: ++UE4+Release-4.23
LogInit: Command Line: 
LogInit: Base Directory: D:/Epic Games/UE_4.23/Engine/Binaries/Win64/
LogInit: Installed Engine Build: 1
LogDevObjectVersion: Number of dev versions registered: 23
LogDevObjectVersion:   Dev-Blueprints (B0D832E4-1F89-4F0D-ACCF-7EB736FD4AA2): 10
LogDevObjectVersion:   Dev-Build (E1C64328-A22C-4D53-A36C-8E866417BD8C): 0
LogDevObjectVersion:   Dev-Core (375EC13C-06E4-48FB-B500-84F0262A717E): 3
LogDevObjectVersion:   Dev-Editor (E4B068ED-F494-42E9-A231-DA0B2E46BB41): 34
LogDevObjectVersion:   Dev-Framework (CFFC743F-43B0-4480-9391-14DF171D2073): 35
LogDevObjectVersion:   Dev-Mobile (B02B49B5-BB20-44E9-A304-32B752E40360): 2
LogDevObjectVersion:   Dev-Networking (A4E4105C-59A1-49B5-A7C5-40C4547EDFEE): 0
LogDevObjectVersion:   Dev-Online (39C831C9-5AE6-47DC-9A44-9C173E1C8E7C): 0
LogDevObjectVersion:   Dev-Physics (78F01B33-EBEA-4F98-B9B4-84EACCB95AA2): 0
LogDevObjectVersion:   Dev-Platform (6631380F-2D4D-43E0-8009-CF276956A95A): 0
LogDevObjectVersion:   Dev-Rendering (12F88B9F-8875-4AFC-A67C-D90C383ABD29): 31
LogDevObjectVersion:   Dev-Sequencer (7B5AE74C-D270-4C10-A958-57980B212A5A): 11
LogDevObjectVersion:   Dev-VR (D7296918-1DD6-4BDD-9DE2-64A83CC13884): 2
LogDevObjectVersion:   Dev-LoadTimes (C2A15278-BFE7-4AFE-6C17-90FF531DF755): 1
LogDevObjectVersion:   Private-Geometry (6EACA3D4-40EC-4CC1-B786-8BED09428FC5): 3
LogDevObjectVersion:   Dev-AnimPhys (29E575DD-E0A3-4627-9D10-D276232CDCEA): 17
LogDevObjectVersion:   Dev-Anim (AF43A65D-7FD3-4947-9873-3E8ED9C1BB05): 2
LogDevObjectVersion:   Dev-ReflectionCapture (6B266CEC-1EC7-4B8F-A30B-E4D90942FC07): 1
LogDevObjectVersion:   Dev-Automation (0DF73D61-A23F-47EA-B727-89E90C41499A): 1
LogDevObjectVersion:   FortniteMain (601D1886-AC64-4F84-AA16-D3DE0DEAC7D6): 27
LogDevObjectVersion:   Dev-Enterprise (9DFFBCD6-494F-0158-E221-12823C92A888): 6
LogDevObjectVersion:   Dev-Niagara (F2AED0AC-9AFE-416F-8664-AA7FFA26D6FC): 1
LogDevObjectVersion:   Dev-Destruction (174F1F0B-B4C6-45A5-B13F-2EE8D0FB917D): 9
LogInit: Presizing for max 16777216 objects, including 0 objects not considered by GC, pre-allocating 0 bytes for permanent pool.
LogInit: Object subsystem initialized
LogConfig: Setting CVar [[con.DebugEarlyDefault:1]]
LogConfig: Setting CVar [[r.setres:1280x720]]
[2019.11.27-14.09.53:463][  0]LogConfig: Setting CVar [[r.VSync:0]]
[2019.11.27-14.09.53:463][  0]LogConfig: Setting CVar [[r.RHICmdBypass:0]]
[2019.11.27-14.09.53:463][  0]LogConfig: Applying CVar settings from Section [/Script/Engine.RendererSettings] File [D:/Unreal Engine/KeuzedeelGit/Keuzedeel/Saved/Config/Windows/Engine.ini]
[2019.11.27-14.09.53:463][  0]LogConfig: Setting CVar [[r.GPUCrashDebugging:0]]
[2019.11.27-14.09.53:463][  0]LogConfig: Applying CVar settings from Section [/Script/Engine.RendererOverrideSettings] File [D:/Unreal Engine/KeuzedeelGit/Keuzedeel/Saved/Config/Windows/Engine.ini]
[2019.11.27-14.09.53:463][  0]LogConfig: Applying CVar settings from Section [/Script/Engine.StreamingSettings] File [D:/Unreal Engine/KeuzedeelGit/Keuzedeel/Saved/Config/Windows/Engine.ini]
[2019.11.27-14.09.53:463][  0]LogConfig: Setting CVar [[s.MinBulkDataSizeForAsyncLoading:131072]]
[2019.11.27-14.09.53:463][  0]LogConfig: Setting CVar [[s.AsyncLoadingThreadEnabled:0]]
[2019.11.27-14.09.53:463][  0]LogConfig: Setting CVar [[s.EventDrivenLoaderEnabled:1]]
[2019.11.27-14.09.53:463][  0]LogConfig: Setting CVar [[s.WarnIfTimeLimitExceeded:0]]
[2019.11.27-14.09.53:463][  0]LogConfig: Setting CVar [[s.TimeLimitExceededMultiplier:1.5]]
[2019.11.27-14.09.53:463][  0]LogConfig: Setting CVar [[s.TimeLimitExceededMinTime:0.005]]
[2019.11.27-14.09.53:463][  0]LogConfig: Setting CVar [[s.UseBackgroundLevelStreaming:1]]
[2019.11.27-14.09.53:463][  0]LogConfig: Setting CVar [[s.PriorityAsyncLoadingExtraTime:15.0]]
[2019.11.27-14.09.53:463][  0]LogConfig: Setting CVar [[s.LevelStreamingActorsUpdateTimeLimit:5.0]]
[2019.11.27-14.09.53:463][  0]LogConfig: Setting CVar [[s.PriorityLevelStreamingActorsUpdateExtraTime:5.0]]
[2019.11.27-14.09.53:463][  0]LogConfig: Setting CVar [[s.LevelStreamingComponentsRegistrationGranularity:10]]
[2019.11.27-14.09.53:463][  0]LogConfig: Setting CVar [[s.UnregisterComponentsTimeLimit:1.0]]
[2019.11.27-14.09.53:463][  0]LogConfig: Setting CVar [[s.LevelStreamingComponentsUnregistrationGranularity:5]]
[2019.11.27-14.09.53:463][  0]LogConfig: Applying CVar settings from Section [/Script/Engine.GarbageCollectionSettings] File [D:/Unreal Engine/KeuzedeelGit/Keuzedeel/Saved/Config/Windows/Engine.ini]
[2019.11.27-14.09.53:463][  0]LogConfig: Setting CVar [[gc.MaxObjectsNotConsideredByGC:1]]
[2019.11.27-14.09.53:463][  0]LogConfig: Setting CVar [[gc.SizeOfPermanentObjectPool:0]]
[2019.11.27-14.09.53:463][  0]LogConfig: Setting CVar [[gc.FlushStreamingOnGC:0]]
[2019.11.27-14.09.53:463][  0]LogConfig: Setting CVar [[gc.NumRetriesBeforeForcingGC:10]]
[2019.11.27-14.09.53:463][  0]LogConfig: Setting CVar [[gc.AllowParallelGC:1]]
[2019.11.27-14.09.53:463][  0]LogConfig: Setting CVar [[gc.TimeBetweenPurgingPendingKillObjects:61.1]]
[2019.11.27-14.09.53:463][  0]LogConfig: Setting CVar [[gc.MaxObjectsInEditor:16777216]]
[2019.11.27-14.09.53:463][  0]LogConfig: Setting CVar [[gc.IncrementalBeginDestroyEnabled:1]]
[2019.11.27-14.09.53:463][  0]LogConfig: Setting CVar [[gc.CreateGCClusters:1]]
[2019.11.27-14.09.53:463][  0]LogConfig: Setting CVar [[gc.MinGCClusterSize:5]]
[2019.11.27-14.09.53:463][  0]LogConfig: Setting CVar [[gc.ActorClusteringEnabled:0]]
[2019.11.27-14.09.53:463][  0]LogConfig: Setting CVar [[gc.BlueprintClusteringEnabled:0]]
[2019.11.27-14.09.53:463][  0]LogConfig: Setting CVar [[gc.UseDisregardForGCOnDedicatedServers:0]]
[2019.11.27-14.09.53:463][  0]LogConfig: Applying CVar settings from Section [/Script/Engine.NetworkSettings] File [D:/Unreal Engine/KeuzedeelGit/Keuzedeel/Saved/Config/Windows/Engine.ini]
[2019.11.27-14.09.53:463][  0]LogConfig: Applying CVar settings from Section [/Script/UnrealEd.CookerSettings] File [D:/Unreal Engine/KeuzedeelGit/Keuzedeel/Saved/Config/Windows/Engine.ini]
[2019.11.27-14.09.53:467][  0]LogConfig: Applying CVar settings from Section [ViewDistanceQuality@3] File [D:/Unreal Engine/KeuzedeelGit/Keuzedeel/Saved/Config/Windows/Scalability.ini]
[2019.11.27-14.09.53:467][  0]LogConfig: Setting CVar [[r.SkeletalMeshLODBias:0]]
[2019.11.27-14.09.53:467][  0]LogConfig: Setting CVar [[r.ViewDistanceScale:1.0]]
[2019.11.27-14.09.53:467][  0]LogConfig: Applying CVar settings from Section [AntiAliasingQuality@3] File [D:/Unreal Engine/KeuzedeelGit/Keuzedeel/Saved/Config/Windows/Scalability.ini]
[2019.11.27-14.09.53:467][  0]LogConfig: Setting CVar [[r.PostProcessAAQuality:4]]
[2019.11.27-14.09.53:467][  0]LogConfig: Applying CVar settings from Section [ShadowQuality@3] File [D:/Unreal Engine/KeuzedeelGit/Keuzedeel/Saved/Config/Windows/Scalability.ini]
[2019.11.27-14.09.53:467][  0]LogConfig: Setting CVar [[r.LightFunctionQuality:1]]
[2019.11.27-14.09.53:467][  0]LogConfig: Setting CVar [[r.ShadowQuality:5]]
[2019.11.27-14.09.53:467][  0]LogConfig: Setting CVar [[r.Shadow.CSM.MaxCascades:10]]
[2019.11.27-14.09.53:467][  0]LogConfig: Setting CVar [[r.Shadow.MaxResolution:2048]]
[2019.11.27-14.09.53:467][  0]LogConfig: Setting CVar [[r.Shadow.MaxCSMResolution:2048]]
[2019.11.27-14.09.53:467][  0]LogConfig: Setting CVar [[r.Shadow.RadiusThreshold:0.01]]
[2019.11.27-14.09.53:467][  0]LogConfig: Setting CVar [[r.Shadow.DistanceScale:1.0]]
[2019.11.27-14.09.53:467][  0]LogConfig: Setting CVar [[r.Shadow.CSM.TransitionScale:1.0]]
[2019.11.27-14.09.53:467][  0]LogConfig: Setting CVar [[r.Shadow.PreShadowResolutionFactor:1.0]]
[2019.11.27-14.09.53:467][  0]LogConfig: Setting CVar [[r.DistanceFieldShadowing:1]]
[2019.11.27-14.09.53:467][  0]LogConfig: Setting CVar [[r.DistanceFieldAO:1]]
[2019.11.27-14.09.53:467][  0]LogConfig: Setting CVar [[r.AOQuality:2]]
[2019.11.27-14.09.53:467][  0]LogConfig: Setting CVar [[r.VolumetricFog:1]]
[2019.11.27-14.09.53:467][  0]LogConfig: Setting CVar [[r.VolumetricFog.GridPixelSize:8]]
[2019.11.27-14.09.53:467][  0]LogConfig: Setting CVar [[r.VolumetricFog.GridSizeZ:128]]
[2019.11.27-14.09.53:467][  0]LogConfig: Setting CVar [[r.VolumetricFog.HistoryMissSupersampleCount:4]]
[2019.11.27-14.09.53:467][  0]LogConfig: Setting CVar [[r.LightMaxDrawDistanceScale:1]]
[2019.11.27-14.09.53:467][  0]LogConfig: Setting CVar [[r.CapsuleShadows:1]]
[2019.11.27-14.09.53:467][  0]LogConfig: Applying CVar settings from Section [PostProcessQuality@3] File [D:/Unreal Engine/KeuzedeelGit/Keuzedeel/Saved/Config/Windows/Scalability.ini]
[2019.11.27-14.09.53:467][  0]LogConfig: Setting CVar [[r.MotionBlurQuality:4]]
[2019.11.27-14.09.53:467][  0]LogConfig: Setting CVar [[r.AmbientOcclusionMipLevelFactor:0.4]]
[2019.11.27-14.09.53:467][  0]LogConfig: Setting CVar [[r.AmbientOcclusionMaxQuality:100]]
[2019.11.27-14.09.53:467][  0]LogConfig: Setting CVar [[r.AmbientOcclusionLevels:-1]]
[2019.11.27-14.09.53:467][  0]LogConfig: Setting CVar [[r.AmbientOcclusionRadiusScale:1.0]]
[2019.11.27-14.09.53:467][  0]LogConfig: Setting CVar [[r.DepthOfFieldQuality:2]]
[2019.11.27-14.09.53:467][  0]LogConfig: Setting CVar [[r.RenderTargetPoolMin:400]]
[2019.11.27-14.09.53:467][  0]LogConfig: Setting CVar [[r.LensFlareQuality:2]]
[2019.11.27-14.09.53:467][  0]LogConfig: Setting CVar [[r.SceneColorFringeQuality:1]]
[2019.11.27-14.09.53:467][  0]LogConfig: Setting CVar [[r.EyeAdaptationQuality:2]]
[2019.11.27-14.09.53:467][  0]LogConfig: Setting CVar [[r.BloomQuality:5]]
[2019.11.27-14.09.53:467][  0]LogConfig: Setting CVar [[r.FastBlurThreshold:100]]
[2019.11.27-14.09.53:467][  0]LogConfig: Setting CVar [[r.Upscale.Quality:3]]
[2019.11.27-14.09.53:467][  0]LogConfig: Setting CVar [[r.Tonemapper.GrainQuantization:1]]
[2019.11.27-14.09.53:467][  0]LogConfig: Setting CVar [[r.LightShaftQuality:1]]
[2019.11.27-14.09.53:467][  0]LogConfig: Setting CVar [[r.Filter.SizeScale:1]]
[2019.11.27-14.09.53:467][  0]LogConfig: Setting CVar [[r.Tonemapper.Quality:5]]
[2019.11.27-14.09.53:467][  0]LogConfig: Setting CVar [[r.DOF.Gather.AccumulatorQuality:1        ; higher gathering accumulator quality]]
[2019.11.27-14.09.53:468][  0]LogConfig: Setting CVar [[r.DOF.Gather.PostfilterMethod:1          ; Median3x3 postfilering method]]
[2019.11.27-14.09.53:468][  0]LogConfig: Setting CVar [[r.DOF.Gather.EnableBokehSettings:0       ; no bokeh simulation when gathering]]
[2019.11.27-14.09.53:468][  0]LogConfig: Setting CVar [[r.DOF.Gather.RingCount:4                 ; medium number of samples when gathering]]
[2019.11.27-14.09.53:468][  0]LogConfig: Setting CVar [[r.DOF.Scatter.ForegroundCompositing:1    ; additive foreground scattering]]
[2019.11.27-14.09.53:468][  0]LogConfig: Setting CVar [[r.DOF.Scatter.BackgroundCompositing:2    ; additive background scattering]]
[2019.11.27-14.09.53:468][  0]LogConfig: Setting CVar [[r.DOF.Scatter.EnableBokehSettings:1      ; bokeh simulation when scattering]]
[2019.11.27-14.09.53:468][  0]LogConfig: Setting CVar [[r.DOF.Scatter.MaxSpriteRatio:0.1         ; only a maximum of 10% of scattered bokeh]]
[2019.11.27-14.09.53:468][  0]LogConfig: Setting CVar [[r.DOF.Recombine.Quality:1                ; cheap slight out of focus]]
[2019.11.27-14.09.53:468][  0]LogConfig: Setting CVar [[r.DOF.Recombine.EnableBokehSettings:0    ; no bokeh simulation on slight out of focus]]
[2019.11.27-14.09.53:468][  0]LogConfig: Setting CVar [[r.DOF.TemporalAAQuality:1                ; more stable temporal accumulation]]
[2019.11.27-14.09.53:468][  0]LogConfig: Setting CVar [[r.DOF.Kernel.MaxForegroundRadius:0.025]]
[2019.11.27-14.09.53:468][  0]LogConfig: Setting CVar [[r.DOF.Kernel.MaxBackgroundRadius:0.025]]
[2019.11.27-14.09.53:468][  0]LogConfig: Applying CVar settings from Section [TextureQuality@3] File [D:/Unreal Engine/KeuzedeelGit/Keuzedeel/Saved/Config/Windows/Scalability.ini]
[2019.11.27-14.09.53:468][  0]LogConfig: Setting CVar [[r.Streaming.MipBias:0]]
[2019.11.27-14.09.53:468][  0]LogConfig: Setting CVar [[r.Streaming.AmortizeCPUToGPUCopy:0]]
[2019.11.27-14.09.53:468][  0]LogConfig: Setting CVar [[r.Streaming.MaxNumTexturesToStreamPerFrame:0]]
[2019.11.27-14.09.53:468][  0]LogConfig: Setting CVar [[r.Streaming.Boost:1]]
[2019.11.27-14.09.53:468][  0]LogConfig: Setting CVar [[r.MaxAnisotropy:8]]
[2019.11.27-14.09.53:468][  0]LogConfig: Setting CVar [[r.Streaming.LimitPoolSizeToVRAM:0]]
[2019.11.27-14.09.53:468][  0]LogConfig: Setting CVar [[r.Streaming.PoolSize:1000]]
[2019.11.27-14.09.53:468][  0]LogConfig: Setting CVar [[r.Streaming.MaxEffectiveScreenSize:0]]
[2019.11.27-14.09.53:468][  0]LogConfig: Applying CVar settings from Section [EffectsQuality@3] File [D:/Unreal Engine/KeuzedeelGit/Keuzedeel/Saved/Config/Windows/Scalability.ini]
[2019.11.27-14.09.53:468][  0]LogConfig: Setting CVar [[r.TranslucencyLightingVolumeDim:64]]
[2019.11.27-14.09.53:468][  0]LogConfig: Setting CVar [[r.RefractionQuality:2]]
[2019.11.27-14.09.53:468][  0]LogConfig: Setting CVar [[r.SSR.Quality:3]]
[2019.11.27-14.09.53:468][  0]LogConfig: Setting CVar [[r.SceneColorFormat:4]]
[2019.11.27-14.09.53:468][  0]LogConfig: Setting CVar [[r.DetailMode:2]]
[2019.11.27-14.09.53:468][  0]LogConfig: Setting CVar [[r.TranslucencyVolumeBlur:1]]
[2019.11.27-14.09.53:468][  0]LogConfig: Setting CVar [[r.MaterialQualityLevel:1 ; High quality]]
[2019.11.27-14.09.53:468][  0]LogConfig: Setting CVar [[r.SSS.Scale:1]]
[2019.11.27-14.09.53:468][  0]LogConfig: Setting CVar [[r.SSS.SampleSet:2]]
[2019.11.27-14.09.53:468][  0]LogConfig: Setting CVar [[r.SSS.Quality:1]]
[2019.11.27-14.09.53:468][  0]LogConfig: Setting CVar [[r.SSS.HalfRes:1]]
[2019.11.27-14.09.53:468][  0]LogConfig: Setting CVar [[r.EmitterSpawnRateScale:1.0]]
[2019.11.27-14.09.53:468][  0]LogConfig: Setting CVar [[r.ParticleLightQuality:2]]
[2019.11.27-14.09.53:468][  0]LogConfig: Applying CVar settings from Section [FoliageQuality@3] File [D:/Unreal Engine/KeuzedeelGit/Keuzedeel/Saved/Config/Windows/Scalability.ini]
[2019.11.27-14.09.53:468][  0]LogConfig: Setting CVar [[foliage.DensityScale:1.0]]
[2019.11.27-14.09.53:468][  0]LogConfig: Setting CVar [[grass.DensityScale:1.0]]
[2019.11.27-14.09.53:468][  0]LogInit: Selected Device Profile: [Windows]
[2019.11.27-14.09.53:468][  0]LogInit: Applying CVar settings loaded from the selected device profile: [Windows]
[2019.11.27-14.09.53:471][  0]LogHAL: Display: Platform has ~ 16 GB [17059426304 / 17179869184 / 16], which maps to Larger [LargestMinGB=32, LargerMinGB=12, DefaultMinGB=8, SmallerMinGB=6, SmallestMinGB=0)
[2019.11.27-14.09.53:471][  0]LogInit: Going up to parent DeviceProfile []
[2019.11.27-14.09.53:471][  0]LogConfig: Applying CVar settings from Section [ViewDistanceQuality@3] File [D:/Unreal Engine/KeuzedeelGit/Keuzedeel/Saved/Config/Windows/Scalability.ini]
[2019.11.27-14.09.53:471][  0]LogConfig: Setting CVar [[r.SkeletalMeshLODBias:0]]
[2019.11.27-14.09.53:471][  0]LogConfig: Setting CVar [[r.ViewDistanceScale:1.0]]
[2019.11.27-14.09.53:471][  0]LogConfig: Applying CVar settings from Section [AntiAliasingQuality@3] File [D:/Unreal Engine/KeuzedeelGit/Keuzedeel/Saved/Config/Windows/Scalability.ini]
[2019.11.27-14.09.53:471][  0]LogConfig: Setting CVar [[r.PostProcessAAQuality:4]]
[2019.11.27-14.09.53:471][  0]LogConfig: Applying CVar settings from Section [ShadowQuality@3] File [D:/Unreal Engine/KeuzedeelGit/Keuzedeel/Saved/Config/Windows/Scalability.ini]
[2019.11.27-14.09.53:471][  0]LogConfig: Setting CVar [[r.LightFunctionQuality:1]]
[2019.11.27-14.09.53:471][  0]LogConfig: Setting CVar [[r.ShadowQuality:5]]
[2019.11.27-14.09.53:471][  0]LogConfig: Setting CVar [[r.Shadow.CSM.MaxCascades:10]]
[2019.11.27-14.09.53:471][  0]LogConfig: Setting CVar [[r.Shadow.MaxResolution:2048]]
[2019.11.27-14.09.53:471][  0]LogConfig: Setting CVar [[r.Shadow.MaxCSMResolution:2048]]
[2019.11.27-14.09.53:471][  0]LogConfig: Setting CVar [[r.Shadow.RadiusThreshold:0.01]]
[2019.11.27-14.09.53:471][  0]LogConfig: Setting CVar [[r.Shadow.DistanceScale:1.0]]
[2019.11.27-14.09.53:472][  0]LogConfig: Setting CVar [[r.Shadow.CSM.TransitionScale:1.0]]
[2019.11.27-14.09.53:472][  0]LogConfig: Setting CVar [[r.Shadow.PreShadowResolutionFactor:1.0]]
[2019.11.27-14.09.53:472][  0]LogConfig: Setting CVar [[r.DistanceFieldShadowing:1]]
[2019.11.27-14.09.53:472][  0]LogConfig: Setting CVar [[r.DistanceFieldAO:1]]
[2019.11.27-14.09.53:472][  0]LogConfig: Setting CVar [[r.AOQuality:2]]
[2019.11.27-14.09.53:472][  0]LogConfig: Setting CVar [[r.VolumetricFog:1]]
[2019.11.27-14.09.53:472][  0]LogConfig: Setting CVar [[r.VolumetricFog.GridPixelSize:8]]
[2019.11.27-14.09.53:472][  0]LogConfig: Setting CVar [[r.VolumetricFog.GridSizeZ:128]]
[2019.11.27-14.09.53:472][  0]LogConfig: Setting CVar [[r.VolumetricFog.HistoryMissSupersampleCount:4]]
[2019.11.27-14.09.53:472][  0]LogConfig: Setting CVar [[r.LightMaxDrawDistanceScale:1]]
[2019.11.27-14.09.53:472][  0]LogConfig: Setting CVar [[r.CapsuleShadows:1]]
[2019.11.27-14.09.53:472][  0]LogConfig: Applying CVar settings from Section [PostProcessQuality@3] File [D:/Unreal Engine/KeuzedeelGit/Keuzedeel/Saved/Config/Windows/Scalability.ini]
[2019.11.27-14.09.53:472][  0]LogConfig: Setting CVar [[r.MotionBlurQuality:4]]
[2019.11.27-14.09.53:472][  0]LogConfig: Setting CVar [[r.AmbientOcclusionMipLevelFactor:0.4]]
[2019.11.27-14.09.53:472][  0]LogConfig: Setting CVar [[r.AmbientOcclusionMaxQuality:100]]
[2019.11.27-14.09.53:472][  0]LogConfig: Setting CVar [[r.AmbientOcclusionLevels:-1]]
[2019.11.27-14.09.53:472][  0]LogConfig: Setting CVar [[r.AmbientOcclusionRadiusScale:1.0]]
[2019.11.27-14.09.53:472][  0]LogConfig: Setting CVar [[r.DepthOfFieldQuality:2]]
[2019.11.27-14.09.53:472][  0]LogConfig: Setting CVar [[r.RenderTargetPoolMin:400]]
[2019.11.27-14.09.53:472][  0]LogConfig: Setting CVar [[r.LensFlareQuality:2]]
[2019.11.27-14.09.53:472][  0]LogConfig: Setting CVar [[r.SceneColorFringeQuality:1]]
[2019.11.27-14.09.53:472][  0]LogConfig: Setting CVar [[r.EyeAdaptationQuality:2]]
[2019.11.27-14.09.53:472][  0]LogConfig: Setting CVar [[r.BloomQuality:5]]
[2019.11.27-14.09.53:472][  0]LogConfig: Setting CVar [[r.FastBlurThreshold:100]]
[2019.11.27-14.09.53:472][  0]LogConfig: Setting CVar [[r.Upscale.Quality:3]]
[2019.11.27-14.09.53:472][  0]LogConfig: Setting CVar [[r.Tonemapper.GrainQuantization:1]]
[2019.11.27-14.09.53:472][  0]LogConfig: Setting CVar [[r.LightShaftQuality:1]]
[2019.11.27-14.09.53:472][  0]LogConfig: Setting CVar [[r.Filter.SizeScale:1]]
[2019.11.27-14.09.53:472][  0]LogConfig: Setting CVar [[r.Tonemapper.Quality:5]]
[2019.11.27-14.09.53:472][  0]LogConfig: Setting CVar [[r.DOF.Gather.AccumulatorQuality:1        ; higher gathering accumulator quality]]
[2019.11.27-14.09.53:472][  0]LogConfig: Setting CVar [[r.DOF.Gather.PostfilterMethod:1          ; Median3x3 postfilering method]]
[2019.11.27-14.09.53:472][  0]LogConfig: Setting CVar [[r.DOF.Gather.EnableBokehSettings:0       ; no bokeh simulation when gathering]]
[2019.11.27-14.09.53:472][  0]LogConfig: Setting CVar [[r.DOF.Gather.RingCount:4                 ; medium number of samples when gathering]]
[2019.11.27-14.09.53:472][  0]LogConfig: Setting CVar [[r.DOF.Scatter.ForegroundCompositing:1    ; additive foreground scattering]]
[2019.11.27-14.09.53:472][  0]LogConfig: Setting CVar [[r.DOF.Scatter.BackgroundCompositing:2    ; additive background scattering]]
[2019.11.27-14.09.53:472][  0]LogConfig: Setting CVar [[r.DOF.Scatter.EnableBokehSettings:1      ; bokeh simulation when scattering]]
[2019.11.27-14.09.53:472][  0]LogConfig: Setting CVar [[r.DOF.Scatter.MaxSpriteRatio:0.1         ; only a maximum of 10% of scattered bokeh]]
[2019.11.27-14.09.53:472][  0]LogConfig: Setting CVar [[r.DOF.Recombine.Quality:1                ; cheap slight out of focus]]
[2019.11.27-14.09.53:472][  0]LogConfig: Setting CVar [[r.DOF.Recombine.EnableBokehSettings:0    ; no bokeh simulation on slight out of focus]]
[2019.11.27-14.09.53:472][  0]LogConfig: Setting CVar [[r.DOF.TemporalAAQuality:1                ; more stable temporal accumulation]]
[2019.11.27-14.09.53:472][  0]LogConfig: Setting CVar [[r.DOF.Kernel.MaxForegroundRadius:0.025]]
[2019.11.27-14.09.53:472][  0]LogConfig: Setting CVar [[r.DOF.Kernel.MaxBackgroundRadius:0.025]]
[2019.11.27-14.09.53:472][  0]LogConfig: Applying CVar settings from Section [TextureQuality@3] File [D:/Unreal Engine/KeuzedeelGit/Keuzedeel/Saved/Config/Windows/Scalability.ini]
[2019.11.27-14.09.53:472][  0]LogConfig: Setting CVar [[r.Streaming.MipBias:0]]
[2019.11.27-14.09.53:472][  0]LogConfig: Setting CVar [[r.Streaming.AmortizeCPUToGPUCopy:0]]
[2019.11.27-14.09.53:472][  0]LogConfig: Setting CVar [[r.Streaming.MaxNumTexturesToStreamPerFrame:0]]
[2019.11.27-14.09.53:472][  0]LogConfig: Setting CVar [[r.Streaming.Boost:1]]
[2019.11.27-14.09.53:472][  0]LogConfig: Setting CVar [[r.MaxAnisotropy:8]]
[2019.11.27-14.09.53:472][  0]LogConfig: Setting CVar [[r.Streaming.LimitPoolSizeToVRAM:0]]
[2019.11.27-14.09.53:472][  0]LogConfig: Setting CVar [[r.Streaming.PoolSize:1000]]
[2019.11.27-14.09.53:472][  0]LogConfig: Setting CVar [[r.Streaming.MaxEffectiveScreenSize:0]]
[2019.11.27-14.09.53:472][  0]LogConfig: Applying CVar settings from Section [EffectsQuality@3] File [D:/Unreal Engine/KeuzedeelGit/Keuzedeel/Saved/Config/Windows/Scalability.ini]
[2019.11.27-14.09.53:472][  0]LogConfig: Setting CVar [[r.TranslucencyLightingVolumeDim:64]]
[2019.11.27-14.09.53:472][  0]LogConfig: Setting CVar [[r.RefractionQuality:2]]
[2019.11.27-14.09.53:472][  0]LogConfig: Setting CVar [[r.SSR.Quality:3]]
[2019.11.27-14.09.53:472][  0]LogConfig: Setting CVar [[r.SceneColorFormat:4]]
[2019.11.27-14.09.53:472][  0]LogConfig: Setting CVar [[r.DetailMode:2]]
[2019.11.27-14.09.53:473][  0]LogConfig: Setting CVar [[r.TranslucencyVolumeBlur:1]]
[2019.11.27-14.09.53:473][  0]LogConfig: Setting CVar [[r.MaterialQualityLevel:1 ; High quality]]
[2019.11.27-14.09.53:473][  0]LogConfig: Setting CVar [[r.SSS.Scale:1]]
[2019.11.27-14.09.53:473][  0]LogConfig: Setting CVar [[r.SSS.SampleSet:2]]
[2019.11.27-14.09.53:473][  0]LogConfig: Setting CVar [[r.SSS.Quality:1]]
[2019.11.27-14.09.53:473][  0]LogConfig: Setting CVar [[r.SSS.HalfRes:1]]
[2019.11.27-14.09.53:473][  0]LogConfig: Setting CVar [[r.EmitterSpawnRateScale:1.0]]
[2019.11.27-14.09.53:473][  0]LogConfig: Setting CVar [[r.ParticleLightQuality:2]]
[2019.11.27-14.09.53:473][  0]LogConfig: Applying CVar settings from Section [FoliageQuality@3] File [D:/Unreal Engine/KeuzedeelGit/Keuzedeel/Saved/Config/Windows/Scalability.ini]
[2019.11.27-14.09.53:473][  0]LogConfig: Setting CVar [[foliage.DensityScale:1.0]]
[2019.11.27-14.09.53:473][  0]LogConfig: Setting CVar [[grass.DensityScale:1.0]]
[2019.11.27-14.09.53:473][  0]LogConfig: Applying CVar settings from Section [Startup] File [../../../Engine/Config/ConsoleVariables.ini]
[2019.11.27-14.09.53:473][  0]LogConfig: Setting CVar [[net.UseAdaptiveNetUpdateFrequency:0]]
[2019.11.27-14.09.53:473][  0]LogConfig: Setting CVar [[p.chaos.AllowCreatePhysxBodies:1]]
[2019.11.27-14.09.53:473][  0]LogConfig: Applying CVar settings from Section [ConsoleVariables] File [D:/Unreal Engine/KeuzedeelGit/Keuzedeel/Saved/Config/Windows/Engine.ini]
[2019.11.27-14.09.53:473][  0]LogInit: Computer: LAPTOP-MARC
[2019.11.27-14.09.53:473][  0]LogInit: User: Gebruiker
[2019.11.27-14.09.53:473][  0]LogInit: CPU Page size=4096, Cores=4
[2019.11.27-14.09.53:473][  0]LogInit: High frequency timer resolution =10.000000 MHz
[2019.11.27-14.09.53:473][  0]LogMemory: Memory total: Physical=15.9GB (16GB approx)
[2019.11.27-14.09.53:473][  0]LogMemory: Platform Memory Stats for Windows
[2019.11.27-14.09.53:473][  0]LogMemory: Process Physical Memory: 101.11 MB used, 101.11 MB peak
[2019.11.27-14.09.53:473][  0]LogMemory: Process Virtual Memory: 100.56 MB used, 100.56 MB peak
[2019.11.27-14.09.53:473][  0]LogMemory: Physical Memory: 8373.51 MB used,  7895.63 MB free, 16269.14 MB total
[2019.11.27-14.09.53:473][  0]LogMemory: Virtual Memory: 4668.30 MB used,  134213056.00 MB free, 134217728.00 MB total
[2019.11.27-14.09.53:479][  0]LogWindows: WindowsPlatformFeatures enabled
[2019.11.27-14.09.53:505][  0]LogInit: Using OS detected language (nl-NL).
[2019.11.27-14.09.53:505][  0]LogInit: Using OS detected locale (nl-NL).
[2019.11.27-14.09.53:506][  0]LogTextLocalizationManager: No localization for 'nl-NL' exists, so 'en' will be used for the language.
[2019.11.27-14.09.53:734][  0]LogInit: Setting process to per monitor DPI aware
[2019.11.27-14.09.53:795][  0]LogSlate: New Slate User Created.  User Index 0, Is Virtual User: 0
[2019.11.27-14.09.53:795][  0]LogSlate: Slate User Registered.  User Index 0, Is Virtual User: 0
[2019.11.27-14.09.53:994][  0]LogHMD: Failed to initialize OpenVR with code 110
[2019.11.27-14.09.53:994][  0]LogD3D11RHI: D3D11 adapters:
[2019.11.27-14.09.54:097][  0]LogD3D11RHI:    0. 'NVIDIA GeForce GTX 1050' (Feature Level 11_0)
[2019.11.27-14.09.54:097][  0]LogD3D11RHI:       1977/0/8134 MB DedicatedVideo/DedicatedSystem/SharedSystem, Outputs:1, VendorId:0x10de
[2019.11.27-14.09.54:111][  0]LogD3D11RHI:    1. 'Intel(R) HD Graphics 630' (Feature Level 11_0)
[2019.11.27-14.09.54:111][  0]LogD3D11RHI:       128/0/8134 MB DedicatedVideo/DedicatedSystem/SharedSystem, Outputs:0, VendorId:0x8086
[2019.11.27-14.09.54:120][  0]LogD3D11RHI:    2. 'Microsoft Basic Render Driver' (Feature Level 11_0)
[2019.11.27-14.09.54:121][  0]LogD3D11RHI:       0/0/8134 MB DedicatedVideo/DedicatedSystem/SharedSystem, Outputs:0, VendorId:0x1414
[2019.11.27-14.09.54:121][  0]LogD3D11RHI: Chosen D3D11 Adapter: 0
[2019.11.27-14.09.54:162][  0]LogD3D11RHI: Creating new Direct3DDevice
[2019.11.27-14.09.54:162][  0]LogD3D11RHI:     GPU DeviceId: 0x1c8d (for the marketing name, search the web for "GPU Device Id")
[2019.11.27-14.09.54:162][  0]LogWindows: EnumDisplayDevices:
[2019.11.27-14.09.54:163][  0]LogWindows:    0. 'Intel(R) HD Graphics 630' (P:1 D:1)
[2019.11.27-14.09.54:163][  0]LogWindows:    1. 'Intel(R) HD Graphics 630' (P:0 D:0)
[2019.11.27-14.09.54:163][  0]LogWindows:    2. 'Intel(R) HD Graphics 630' (P:0 D:0)
[2019.11.27-14.09.54:163][  0]LogWindows:    3. 'NVIDIA GeForce GTX 1050' (P:0 D:0)
[2019.11.27-14.09.54:164][  0]LogWindows: DebugString: PrimaryIsNotTheChoosenAdapter PrimaryIsNotTheChoosenAdapter PrimaryIsNotTheChoosenAdapter 
[2019.11.27-14.09.54:164][  0]LogD3D11RHI:     Adapter Name: NVIDIA GeForce GTX 1050
[2019.11.27-14.09.54:164][  0]LogD3D11RHI:   Driver Version: 441.41 (internal:26.21.14.4141, unified:441.41)
[2019.11.27-14.09.54:164][  0]LogD3D11RHI:      Driver Date: 11-20-2019
[2019.11.27-14.09.54:164][  0]LogRHI: Texture pool is 1384 MB (70% of 1977 MB)
[2019.11.27-14.09.54:218][  0]LogD3D11RHI: Async texture creation enabled
[2019.11.27-14.09.54:244][  0]LogD3D11RHI: GPU Timing Frequency: 1000.000000 (Debug: 2 1)
[2019.11.27-14.09.54:715][  0]LogTemp: Display: Module 'AllDesktopTargetPlatform' loaded TargetPlatform 'AllDesktop'
[2019.11.27-14.09.54:723][  0]LogTemp: Display: Module 'MacClientTargetPlatform' loaded TargetPlatform 'MacClient'
[2019.11.27-14.09.54:733][  0]LogTemp: Display: Module 'MacNoEditorTargetPlatform' loaded TargetPlatform 'MacNoEditor'
[2019.11.27-14.09.54:743][  0]LogTemp: Display: Module 'MacServerTargetPlatform' loaded TargetPlatform 'MacServer'
[2019.11.27-14.09.54:753][  0]LogTemp: Display: Module 'MacTargetPlatform' loaded TargetPlatform 'Mac'
[2019.11.27-14.09.54:763][  0]LogTemp: Display: Module 'WindowsClientTargetPlatform' loaded TargetPlatform 'WindowsClient'
[2019.11.27-14.09.54:772][  0]LogTemp: Display: Module 'WindowsNoEditorTargetPlatform' loaded TargetPlatform 'WindowsNoEditor'
[2019.11.27-14.09.54:780][  0]LogTemp: Display: Module 'WindowsServerTargetPlatform' loaded TargetPlatform 'WindowsServer'
[2019.11.27-14.09.54:784][  0]LogTemp: Display: Module 'WindowsTargetPlatform' loaded TargetPlatform 'Windows'
[2019.11.27-14.09.54:824][  0]LogTemp: Display: Module 'AndroidTargetPlatform' loaded TargetPlatform 'Android'
[2019.11.27-14.09.54:824][  0]LogTemp: Display: Module 'AndroidTargetPlatform' loaded TargetPlatform 'Android_ASTC'
[2019.11.27-14.09.54:824][  0]LogTemp: Display: Module 'AndroidTargetPlatform' loaded TargetPlatform 'Android_ATC'
[2019.11.27-14.09.54:824][  0]LogTemp: Display: Module 'AndroidTargetPlatform' loaded TargetPlatform 'Android_DXT'
[2019.11.27-14.09.54:824][  0]LogTemp: Display: Module 'AndroidTargetPlatform' loaded TargetPlatform 'Android_ETC1'
[2019.11.27-14.09.54:824][  0]LogTemp: Display: Module 'AndroidTargetPlatform' loaded TargetPlatform 'Android_ETC1a'
[2019.11.27-14.09.54:825][  0]LogTemp: Display: Module 'AndroidTargetPlatform' loaded TargetPlatform 'Android_ETC2'
[2019.11.27-14.09.54:825][  0]LogTemp: Display: Module 'AndroidTargetPlatform' loaded TargetPlatform 'Android_PVRTC'
[2019.11.27-14.09.54:825][  0]LogTemp: Display: Module 'AndroidTargetPlatform' loaded TargetPlatform 'AndroidClient'
[2019.11.27-14.09.54:825][  0]LogTemp: Display: Module 'AndroidTargetPlatform' loaded TargetPlatform 'Android_ASTCClient'
[2019.11.27-14.09.54:825][  0]LogTemp: Display: Module 'AndroidTargetPlatform' loaded TargetPlatform 'Android_ATCClient'
[2019.11.27-14.09.54:825][  0]LogTemp: Display: Module 'AndroidTargetPlatform' loaded TargetPlatform 'Android_DXTClient'
[2019.11.27-14.09.54:825][  0]LogTemp: Display: Module 'AndroidTargetPlatform' loaded TargetPlatform 'Android_ETC1Client'
[2019.11.27-14.09.54:825][  0]LogTemp: Display: Module 'AndroidTargetPlatform' loaded TargetPlatform 'Android_ETC1aClient'
[2019.11.27-14.09.54:825][  0]LogTemp: Display: Module 'AndroidTargetPlatform' loaded TargetPlatform 'Android_ETC2Client'
[2019.11.27-14.09.54:825][  0]LogTemp: Display: Module 'AndroidTargetPlatform' loaded TargetPlatform 'Android_PVRTCClient'
[2019.11.27-14.09.54:825][  0]LogTemp: Display: Module 'AndroidTargetPlatform' loaded TargetPlatform 'Android_Multi'
[2019.11.27-14.09.54:825][  0]LogTemp: Display: Module 'AndroidTargetPlatform' loaded TargetPlatform 'Android_MultiClient'
[2019.11.27-14.09.54:827][  0]LogTemp: Display: Module 'HTML5TargetPlatform' loaded TargetPlatform 'HTML5'
[2019.11.27-14.09.54:846][  0]LogTemp: Display: Module 'IOSTargetPlatform' loaded TargetPlatform 'IOSClient'
[2019.11.27-14.09.54:846][  0]LogTemp: Display: Module 'IOSTargetPlatform' loaded TargetPlatform 'IOS'
[2019.11.27-14.09.54:862][  0]LogTemp: Display: Module 'TVOSTargetPlatform' loaded TargetPlatform 'TVOSClient'
[2019.11.27-14.09.54:862][  0]LogTemp: Display: Module 'TVOSTargetPlatform' loaded TargetPlatform 'TVOS'
[2019.11.27-14.09.54:870][  0]LogTemp: Display: Module 'LinuxClientTargetPlatform' loaded TargetPlatform 'LinuxClient'
[2019.11.27-14.09.54:879][  0]LogTemp: Display: Module 'LinuxNoEditorTargetPlatform' loaded TargetPlatform 'LinuxNoEditor'
[2019.11.27-14.09.54:887][  0]LogTemp: Display: Module 'LinuxServerTargetPlatform' loaded TargetPlatform 'LinuxServer'
[2019.11.27-14.09.54:895][  0]LogTemp: Display: Module 'LinuxTargetPlatform' loaded TargetPlatform 'Linux'
[2019.11.27-14.09.54:928][  0]LogTemp: Display: Module 'LuminTargetPlatform' loaded TargetPlatform 'Lumin'
[2019.11.27-14.09.54:928][  0]LogTemp: Display: Module 'LuminTargetPlatform' loaded TargetPlatform 'LuminClient'
[2019.11.27-14.09.54:928][  0]LogTargetPlatformManager: Display: Building Assets For Windows
[2019.11.27-14.09.54:938][  0]LogAudioDebug: Display: Lib vorbis DLL was dynamically loaded.
[2019.11.27-14.09.54:987][  0]LogShaderCompilers: Guid format shader working directory is -2 characters bigger than the processId version (../../../../../Unreal Engine/KeuzedeelGit/Keuzedeel/Intermediate/Shaders/WorkingDirectory/12440/).
[2019.11.27-14.09.54:987][  0]LogShaderCompilers: Cleaned the shader compiler working directory 'C:/Users/Gebruiker/AppData/Local/Temp/UnrealShaderWorkingDir/50457D0544D183DED780CDB521EB055C/'.
[2019.11.27-14.09.54:989][  0]LogXGEController: Cannot use XGE Controller as Incredibuild is not installed on this machine.
[2019.11.27-14.09.54:989][  0]LogShaderCompilers: Cannot use XGE Shader Compiler as Incredibuild is not installed on this machine.
[2019.11.27-14.09.54:989][  0]LogShaderCompilers: Display: Using Local Shader Compiler.
[2019.11.27-14.09.55:763][  0]LogDerivedDataCache: Display: Max Cache Size: 512 MB
[2019.11.27-14.09.55:823][  0]LogDerivedDataCache: Loaded boot cache 0.06s 76MB C:/Users/Gebruiker/AppData/Local/UnrealEngine/4.23/DerivedDataCache/Boot.ddc.
[2019.11.27-14.09.55:823][  0]LogDerivedDataCache: Display: Loaded Boot cache: C:/Users/Gebruiker/AppData/Local/UnrealEngine/4.23/DerivedDataCache/Boot.ddc
[2019.11.27-14.09.55:823][  0]LogDerivedDataCache: FDerivedDataBackendGraph:  Pak pak cache file ../../../../../Unreal Engine/KeuzedeelGit/Keuzedeel/DerivedDataCache/DDC.ddp not found, will not use a pak cache.
[2019.11.27-14.09.55:823][  0]LogDerivedDataCache: Unable to find inner node Pak for hierarchical cache Hierarchy.
[2019.11.27-14.09.55:823][  0]LogDerivedDataCache: FDerivedDataBackendGraph:  CompressedPak pak cache file ../../../../../Unreal Engine/KeuzedeelGit/Keuzedeel/DerivedDataCache/Compressed.ddp not found, will not use a pak cache.
[2019.11.27-14.09.55:823][  0]LogDerivedDataCache: Unable to find inner node CompressedPak for hierarchical cache Hierarchy.
[2019.11.27-14.09.55:837][  0]LogDerivedDataCache: Display: Pak cache opened for reading ../../../Engine/DerivedDataCache/Compressed.ddp.
[2019.11.27-14.09.55:837][  0]LogDerivedDataCache: FDerivedDataBackendGraph:  EnterprisePak pak cache file ../../../Enterprise/DerivedDataCache/Compressed.ddp not found, will not use a pak cache.
[2019.11.27-14.09.55:838][  0]LogDerivedDataCache: Unable to find inner node EnterprisePak for hierarchical cache Hierarchy.
[2019.11.27-14.09.55:839][  0]LogDerivedDataCache: Using Local data cache path C:/Users/Gebruiker/AppData/Local/UnrealEngine/Common/DerivedDataCache: Writable
[2019.11.27-14.09.55:839][  0]LogDerivedDataCache: Shared data cache path not found in *engine.ini, will not use an Shared cache.
[2019.11.27-14.09.55:839][  0]LogDerivedDataCache: Unable to find inner node Shared for hierarchical cache Hierarchy.
[2019.11.27-14.09.55:871][  0]LogMaterial: Verifying Global Shaders for PCD3D_SM5
[2019.11.27-14.09.55:873][  0]LogSlate: Using FreeType 2.6.0
[2019.11.27-14.09.55:874][  0]LogSlate: SlateFontServices - WITH_FREETYPE: 1, WITH_HARFBUZZ: 1
[2019.11.27-14.09.55:945][  0]LogAssetRegistry: FAssetRegistry took 0.0048 seconds to start up
[2019.11.27-14.09.56:307][  0]LogInit: Selected Device Profile: [Windows]
[2019.11.27-14.09.56:482][  0]LogMeshReduction: Using QuadricMeshReduction for automatic static mesh reduction
[2019.11.27-14.09.56:482][  0]LogMeshReduction: Using SimplygonMeshReduction for automatic skeletal mesh reduction
[2019.11.27-14.09.56:482][  0]LogMeshReduction: Using ProxyLODMeshReduction for automatic mesh merging
[2019.11.27-14.09.56:482][  0]LogMeshReduction: No distributed automatic mesh merging module available
[2019.11.27-14.09.56:482][  0]LogMeshMerging: No distributed automatic mesh merging module available
[2019.11.27-14.09.56:499][  0]LogNetVersion: Keuzedeel 1.0.0, NetCL: 8386587, EngineNetVer: 11, GameNetVer: 0 (Checksum: 3783445049)
[2019.11.27-14.09.57:030][  0]LogPackageLocalizationCache: Processed 12 localized package path(s) for 1 prioritized culture(s) in 0.058344 seconds
[2019.11.27-14.09.57:039][  0]LogUObjectArray: 43444 objects as part of root set at end of initial load.
[2019.11.27-14.09.57:039][  0]LogUObjectAllocator: 7548648 out of 0 bytes used by permanent object pool.
[2019.11.27-14.09.57:039][  0]LogUObjectArray: CloseDisregardForGC: 0/0 objects in disregard for GC pool
[2019.11.27-14.09.57:987][  0]LogTcpMessaging: Initializing TcpMessaging bridge
[2019.11.27-14.09.57:990][  0]LogUdpMessaging: Initializing bridge on interface 0.0.0.0:0 to multicast group 230.0.0.1:6666.
[2019.11.27-14.09.58:243][  0]SourceControl: Source control is disabled
[2019.11.27-14.09.58:243][  0]SourceControl: Source control is disabled
[2019.11.27-14.09.58:244][  0]SourceControl: Source control is disabled
[2019.11.27-14.09.58:245][  0]SourceControl: Source control is disabled
[2019.11.27-14.09.58:338][  0]LogAndroidPermission: UAndroidPermissionCallbackProxy::GetInstance
[2019.11.27-14.09.58:469][  0]LogOcInput: OculusInput pre-init called
[2019.11.27-14.09.58:477][  0]LogWindows: Failed to load 'OVRPlugin.dll' (GetLastError=126)
[2019.11.27-14.09.58:477][  0]LogWindows: File 'OVRPlugin.dll' does not exist
[2019.11.27-14.09.58:567][  0]LogEngine: Initializing Engine...
[2019.11.27-14.09.58:567][  0]LogHMD: Failed to initialize OpenVR with code 110
[2019.11.27-14.09.58:568][  0]LogStats: UGameplayTagsManager::InitializeManager -  0.000 s
[2019.11.27-14.09.58:880][  0]LogInit: Initializing FReadOnlyCVARCache
[2019.11.27-14.09.58:892][  0]LogAIModule: Creating AISystem for world Untitled
[2019.11.27-14.09.58:926][  0]LogInit: XAudio2 using 'luidspreker/Hoofdtelefoon (Realtek High Definition Audio)' : 2 channels at 48 kHz using 32 bits per sample (channel mask 0x3)
[2019.11.27-14.09.58:964][  0]LogInit: FAudioDevice initialized.
[2019.11.27-14.09.58:964][  0]LogNetVersion: Set ProjectVersion to 1.0.0.0. Version Checksum will be recalculated on next use.
[2019.11.27-14.09.59:026][  0]LogDerivedDataCache: Saved boot cache 0.06s 76MB C:/Users/Gebruiker/AppData/Local/UnrealEngine/4.23/DerivedDataCache/Boot.ddc.
[2019.11.27-14.09.59:038][  0]LogInit: Texture streaming: Enabled
[2019.11.27-14.09.59:056][  0]LogEngineSessionManager: EngineSessionManager initialized
[2019.11.27-14.09.59:130][  0]LogInit: Transaction tracking system initialized
[2019.11.27-14.09.59:162][  0]BlueprintLog: New page: Editor Load
[2019.11.27-14.09.59:229][  0]LocalizationService: Localization service is disabled
[2019.11.27-14.09.59:508][  0]LogFileCache: Scanning file cache for directory 'D:/Unreal Engine/KeuzedeelGit/Keuzedeel/Content/' took 0.00s
[2019.11.27-14.09.59:508][  0]LogCook: Display: Max memory allowance for cook 16384mb min free memory 0mb
[2019.11.27-14.09.59:508][  0]LogCook: Display: Mobile HDR setting 1
[2019.11.27-14.09.59:705][  0]SourceControl: Source control is disabled
[2019.11.27-14.09.59:705][  0]Cmd: MAP LOAD FILE="../../../../../Unreal Engine/KeuzedeelGit/Keuzedeel/Content/FirstPersonCPP/Maps/FirstPersonExampleMap.umap" TEMPLATE=0 SHOWPROGRESS=1 FEATURELEVEL=3
[2019.11.27-14.09.59:705][  0]LogEditorServer: Warning: Can't find file '../../../../../Unreal Engine/KeuzedeelGit/Keuzedeel/Content/FirstPersonCPP/Maps/FirstPersonExampleMap.umap'
[2019.11.27-14.09.59:705][  0]Cmd: MAP CHECKDEP NOCLEARLOG
[2019.11.27-14.09.59:705][  0]MapCheck: Map check complete: 0 Error(s), 0 Warning(s), took 0,111ms to complete.
[2019.11.27-14.09.59:705][  0]LogFileHelpers: Loading map 'FirstPersonExampleMap' took 0.000
[2019.11.27-14.09.59:847][  0]LogSlate: Updating window title bar state: overlay mode, drag disabled, window buttons hidden, title bar hidden
[2019.11.27-14.09.59:855][  0]LogSlate: Updating window title bar state: overlay mode, drag disabled, window buttons hidden, title bar hidden
[2019.11.27-14.09.59:864][  0]LogSlate: Updating window title bar state: overlay mode, drag disabled, window buttons hidden, title bar hidden
[2019.11.27-14.09.59:871][  0]LogSlate: Updating window title bar state: overlay mode, drag disabled, window buttons hidden, title bar hidden
[2019.11.27-14.09.59:877][  0]LogCollectionManager: Loaded 0 collections in 0.001166 seconds
[2019.11.27-14.09.59:884][  0]LogFileCache: Scanning file cache for directory 'D:/Unreal Engine/KeuzedeelGit/Keuzedeel/Saved/Collections/' took 0.00s
[2019.11.27-14.09.59:884][  0]LogFileCache: Scanning file cache for directory 'D:/Unreal Engine/KeuzedeelGit/Keuzedeel/Content/Developers/Gebruiker/Collections/' took 0.00s
[2019.11.27-14.09.59:884][  0]LogFileCache: Scanning file cache for directory 'D:/Unreal Engine/KeuzedeelGit/Keuzedeel/Content/Collections/' took 0.00s
[2019.11.27-14.09.59:884][  0]LogCollectionManager: Rebuilt the GUID cache for 0 collections in 0.000002 seconds
[2019.11.27-14.09.59:895][  0]LogContentBrowser: Native class hierarchy populated in 0.0108 seconds. Added 2870 classes and 682 folders.
[2019.11.27-14.09.59:903][  0]LogContentBrowser: Native class hierarchy updated for 'WidgetCarousel' in 0.0003 seconds. Added 0 classes and 0 folders.
[2019.11.27-14.09.59:936][  0]LogContentBrowser: Native class hierarchy updated for 'AddContentDialog' in 0.0005 seconds. Added 0 classes and 0 folders.
[2019.11.27-14.09.59:942][  0]LogContentBrowser: Native class hierarchy updated for 'SceneOutliner' in 0.0004 seconds. Added 1 classes and 2 folders.
[2019.11.27-14.09.59:952][  0]LogContentBrowser: Native class hierarchy updated for 'WorldBrowser' in 0.0005 seconds. Added 2 classes and 3 folders.
[2019.11.27-14.10.00:037][  0]LogSlate: Took 0.000255 seconds to synchronously load lazily loaded font '../../../Engine/Content/Slate/Fonts/Roboto-Regular.ttf' (155K)
[2019.11.27-14.10.00:039][  0]LogSlate: Took 0.000217 seconds to synchronously load lazily loaded font '../../../Engine/Content/Slate/Fonts/Roboto-Bold.ttf' (160K)
[2019.11.27-14.10.00:048][  0]LogSlate: Took 0.000240 seconds to synchronously load lazily loaded font '../../../Engine/Content/Editor/Slate/Fonts/FontAwesome.ttf' (139K)
[2019.11.27-14.10.00:129][  0]LogRenderer: Reallocating scene render targets to support 864x408 Format 10 NumSamples 1 (Frame:1).
[2019.11.27-14.10.00:248][  0]LogContentBrowser: Native class hierarchy updated for 'HierarchicalLODOutliner' in 0.0003 seconds. Added 0 classes and 0 folders.
[2019.11.27-14.10.00:248][  0]LogLoad: (Engine Initialization) Total time: 7.72 seconds
[2019.11.27-14.10.00:248][  0]LogLoad: (Engine Initialization) Total Blueprint compile time: 0.00 seconds
[2019.11.27-14.10.00:313][  0]LogContentStreaming: Texture pool size now 1000 MB
[2019.11.27-14.10.00:348][  0]LogSlate: Took 0.000148 seconds to synchronously load lazily loaded font '../../../Engine/Content/Slate/Fonts/Roboto-Light.ttf' (167K)
[2019.11.27-14.10.00:376][  1]LogAssetRegistry: Asset discovery search completed in 4.4312 seconds
[2019.11.27-14.10.00:381][  1]LogCollectionManager: Rebuilt the object cache for 0 collections in 0.000005 seconds (found 0 objects)
[2019.11.27-14.10.00:381][  1]LogCollectionManager: Fixed up redirectors for 0 collections in 0.000066 seconds (updated 0 objects)
[2019.11.27-14.10.02:424][118]LogSlate: FSceneViewport::OnFocusLost() reason 0
[2019.11.27-14.10.02:594][128]LogSlate: Took 0.000161 seconds to synchronously load lazily loaded font '../../../Engine/Content/Slate/Fonts/Roboto-Light.ttf' (167K)
[2019.11.27-14.10.02:681][128]LogAIModule: Creating AISystem for world NewMap
[2019.11.27-14.10.02:684][128]LogOutputDevice: Warning: 

Script Stack (0 frames):

[2019.11.27-14.10.02:685][128]LogWindows: Windows GetLastError: De bewerking is voltooid. (0)
[2019.11.27-14.10.03:867][128]LogWindows: Error: === Critical error: ===
[2019.11.27-14.10.03:868][128]LogWindows: Error: 
[2019.11.27-14.10.03:868][128]LogWindows: Error: Assertion failed: (Index >= 0) & (Index < ArrayNum) [File:D:\Epic Games\UE_4.23\Engine\Source\Runtime\Core\Public\Containers/Array.h] [Line: 614] 
[2019.11.27-14.10.03:868][128]LogWindows: Error: Array index out of bounds: 0 from an array of size 0
[2019.11.27-14.10.03:868][128]LogWindows: Error: 
[2019.11.27-14.10.03:868][128]LogWindows: Error: 
[2019.11.27-14.10.03:868][128]LogWindows: Error: [Callstack] 0x00007ff89175a839 KERNELBASE.dll!UnknownFunction []
[2019.11.27-14.10.03:868][128]LogWindows: Error: [Callstack] 0x00007ff845029ef7 UE4Editor-Core.dll!UnknownFunction []
[2019.11.27-14.10.03:868][128]LogWindows: Error: [Callstack] 0x00007ff84502c754 UE4Editor-Core.dll!UnknownFunction []
[2019.11.27-14.10.03:868][128]LogWindows: Error: [Callstack] 0x00007ff844e21afa UE4Editor-Core.dll!UnknownFunction []
[2019.11.27-14.10.03:868][128]LogWindows: Error: [Callstack] 0x00007ff844d767c3 UE4Editor-Core.dll!UnknownFunction []
[2019.11.27-14.10.03:868][128]LogWindows: Error: [Callstack] 0x00007ff844d76ed0 UE4Editor-Core.dll!UnknownFunction []
[2019.11.27-14.10.03:868][128]LogWindows: Error: [Callstack] 0x00007ff80173e0d8 UE4Editor-Keuzedeel.dll!DispatchCheckVerify<void,<lambda_e2651dfe7e0077b7777bb4d7273ca56b> >() [D:\Epic Games\UE_4.23\Engine\Source\Runtime\Core\Public\Misc\AssertionMacros.h:165]
[2019.11.27-14.10.03:868][128]LogWindows: Error: [Callstack] 0x00007ff801732d41 UE4Editor-Keuzedeel.dll!ACubeSpawner::RemoveObjects() [D:\Unreal Engine\KeuzedeelGit\Keuzedeel\Source\Keuzedeel\CubeSpawner.cpp:52]
[2019.11.27-14.10.03:868][128]LogWindows: Error: [Callstack] 0x00007ff801732968 UE4Editor-Keuzedeel.dll!ACubeSpawner::OnConstruction() [D:\Unreal Engine\KeuzedeelGit\Keuzedeel\Source\Keuzedeel\CubeSpawner.cpp:62]
[2019.11.27-14.10.03:868][128]LogWindows: Error: [Callstack] 0x00007ff82d4784d8 UE4Editor-Engine.dll!UnknownFunction []
[2019.11.27-14.10.03:868][128]LogWindows: Error: [Callstack] 0x00007ff82d4a19b6 UE4Editor-Engine.dll!UnknownFunction []
[2019.11.27-14.10.03:868][128]LogWindows: Error: [Callstack] 0x00007ff82dd20766 UE4Editor-Engine.dll!UnknownFunction []
[2019.11.27-14.10.03:868][128]LogWindows: Error: [Callstack] 0x00007ff82e6be6c0 UE4Editor-Engine.dll!UnknownFunction []
[2019.11.27-14.10.03:868][128]LogWindows: Error: [Callstack] 0x00007ff83132fd01 UE4Editor-UnrealEd.dll!UnknownFunction []
[2019.11.27-14.10.03:868][128]LogWindows: Error: [Callstack] 0x00007ff831334fc7 UE4Editor-UnrealEd.dll!UnknownFunction []
[2019.11.27-14.10.03:868][128]LogWindows: Error: [Callstack] 0x00007ff83131c33f UE4Editor-UnrealEd.dll!UnknownFunction []
[2019.11.27-14.10.03:868][128]LogWindows: Error: [Callstack] 0x00007ff8561fa65a UE4Editor-CoreUObject.dll!UnknownFunction []
[2019.11.27-14.10.03:868][128]LogWindows: Error: [Callstack] 0x00007ff8561e5b47 UE4Editor-CoreUObject.dll!UnknownFunction []
[2019.11.27-14.10.03:868][128]LogWindows: Error: [Callstack] 0x00007ff856209f23 UE4Editor-CoreUObject.dll!UnknownFunction []
[2019.11.27-14.10.03:868][128]LogWindows: Error: [Callstack] 0x00007ff856208e7a UE4Editor-CoreUObject.dll!UnknownFunction []
[2019.11.27-14.10.03:868][128]LogWindows: Error: [Callstack] 0x00007ff85621bad0 UE4Editor-CoreUObject.dll!UnknownFunction []
[2019.11.27-14.10.03:868][128]LogWindows: Error: [Callstack] 0x00007ff85622eed0 UE4Editor-CoreUObject.dll!UnknownFunction []
[2019.11.27-14.10.03:868][128]LogWindows: Error: [Callstack] 0x00007ff85622e64e UE4Editor-CoreUObject.dll!UnknownFunction []
[2019.11.27-14.10.03:868][128]LogWindows: Error: [Callstack] 0x00007ff8157b62ee UE4Editor-ContentBrowser.dll!UnknownFunction []
[2019.11.27-14.10.03:868][128]LogWindows: Error: [Callstack] 0x00007ff815773f69 UE4Editor-ContentBrowser.dll!UnknownFunction []
[2019.11.27-14.10.03:868][128]LogWindows: Error: [Callstack] 0x00007ff8157be94f UE4Editor-ContentBrowser.dll!UnknownFunction []
[2019.11.27-14.10.03:868][128]LogWindows: Error: [Callstack] 0x00007ff815771b9a UE4Editor-ContentBrowser.dll!UnknownFunction []
[2019.11.27-14.10.03:868][128]LogWindows: Error: [Callstack] 0x00007ff81576e410 UE4Editor-ContentBrowser.dll!UnknownFunction []
[2019.11.27-14.10.03:868][128]LogWindows: Error: [Callstack] 0x00007ff8157c8870 UE4Editor-ContentBrowser.dll!UnknownFunction []
[2019.11.27-14.10.03:868][128]LogWindows: Error: [Callstack] 0x00007ff8157becc1 UE4Editor-ContentBrowser.dll!UnknownFunction []
[2019.11.27-14.10.03:868][128]LogWindows: Error: [Callstack] 0x00007ff8461947fa UE4Editor-Slate.dll!UnknownFunction []
[2019.11.27-14.10.03:868][128]LogWindows: Error: [Callstack] 0x00007ff84621968e UE4Editor-Slate.dll!UnknownFunction []
[2019.11.27-14.10.03:868][128]LogWindows: Error: [Callstack] 0x00007ff8462044a9 UE4Editor-Slate.dll!UnknownFunction []
[2019.11.27-14.10.03:868][128]LogWindows: Error: [Callstack] 0x00007ff8461f9432 UE4Editor-Slate.dll!UnknownFunction []
[2019.11.27-14.10.03:868][128]LogWindows: Error: [Callstack] 0x00007ff85b9c4daf UE4Editor-ApplicationCore.dll!UnknownFunction []
[2019.11.27-14.10.03:868][128]LogWindows: Error: [Callstack] 0x00007ff85b9b26df UE4Editor-ApplicationCore.dll!UnknownFunction []
[2019.11.27-14.10.03:868][128]LogWindows: Error: [Callstack] 0x00007ff85b9c7340 UE4Editor-ApplicationCore.dll!UnknownFunction []
[2019.11.27-14.10.03:868][128]LogWindows: Error: [Callstack] 0x00007ff85b9aedd0 UE4Editor-ApplicationCore.dll!UnknownFunction []
[2019.11.27-14.10.03:868][128]LogWindows: Error: [Callstack] 0x00007ff891af63ed USER32.dll!UnknownFunction []
[2019.11.27-14.10.03:868][128]LogWindows: Error: [Callstack] 0x00007ff891af5de2 USER32.dll!UnknownFunction []
[2019.11.27-14.10.03:868][128]LogWindows: Error: [Callstack] 0x00007ff85b9c88e9 UE4Editor-ApplicationCore.dll!UnknownFunction []
[2019.11.27-14.10.03:868][128]LogWindows: Error: [Callstack] 0x00007ff7ea826980 UE4Editor.exe!UnknownFunction []
[2019.11.27-14.10.03:868][128]LogWindows: Error: [Callstack] 0x00007ff7ea83a91c UE4Editor.exe!UnknownFunction []
[2019.11.27-14.10.03:868][128]LogWindows: Error: [Callstack] 0x00007ff7ea83a9fa UE4Editor.exe!UnknownFunction []
[2019.11.27-14.10.03:868][128]LogWindows: Error: [Callstack] 0x00007ff7ea84b92c UE4Editor.exe!UnknownFunction []
[2019.11.27-14.10.03:868][128]LogWindows: Error: [Callstack] 0x00007ff7ea84e60e UE4Editor.exe!UnknownFunction []
[2019.11.27-14.10.03:868][128]LogWindows: Error: [Callstack] 0x00007ff891ca7bd4 KERNEL32.DLL!UnknownFunction []
[2019.11.27-14.10.03:868][128]LogWindows: Error: [Callstack] 0x00007ff89398ced1 ntdll.dll!UnknownFunction []
[2019.11.27-14.10.03:868][128]LogWindows: Error: 
[2019.11.27-14.10.03:887][128]LogExit: Executing StaticShutdownAfterError
[2019.11.27-14.10.03:889][128]LogWindows: FPlatformMisc::RequestExit(1)
[2019.11.27-14.10.03:946][128]Log file closed, 11/27/19 15:10:03
